ARM GAS  C:\Users\VD1800~1\AppData\Local\Temp\ccwdj8Sz.s 			page 1


   1              		.cpu cortex-m3
   2              		.eabi_attribute 20, 1
   3              		.eabi_attribute 21, 1
   4              		.eabi_attribute 23, 3
   5              		.eabi_attribute 24, 1
   6              		.eabi_attribute 25, 1
   7              		.eabi_attribute 26, 1
   8              		.eabi_attribute 30, 1
   9              		.eabi_attribute 34, 1
  10              		.eabi_attribute 18, 4
  11              		.file	"gpio.c"
  12              		.text
  13              	.Ltext0:
  14              		.cfi_sections	.debug_frame
  15              		.section	.text.MX_GPIO_Init,"ax",%progbits
  16              		.align	1
  17              		.global	MX_GPIO_Init
  18              		.arch armv7-m
  19              		.syntax unified
  20              		.thumb
  21              		.thumb_func
  22              		.fpu softvfp
  24              	MX_GPIO_Init:
  25              	.LFB65:
  26              		.file 1 "../Core/Src/gpio.c"
   1:../Core/Src/gpio.c **** 
  27              		.loc 1 37 1 view -0
  28              		.cfi_startproc
  29              		@ args = 0, pretend = 0, frame = 32
  30              		@ frame_needed = 0, uses_anonymous_args = 0
  31 0000 2DE9F041 		push	{r4, r5, r6, r7, r8, lr}
  32              	.LCFI0:
  33              		.cfi_def_cfa_offset 24
  34              		.cfi_offset 4, -24
  35              		.cfi_offset 5, -20
  36              		.cfi_offset 6, -16
  37              		.cfi_offset 7, -12
  38              		.cfi_offset 8, -8
  39              		.cfi_offset 14, -4
  40 0004 88B0     		sub	sp, sp, #32
  41              	.LCFI1:
  42              		.cfi_def_cfa_offset 56
  43              		.loc 1 39 3 view .LVU1
  44              		.loc 1 39 20 is_stmt 0 view .LVU2
  45 0006 0024     		movs	r4, #0
  46 0008 0494     		str	r4, [sp, #16]
  47 000a 0594     		str	r4, [sp, #20]
  48 000c 0694     		str	r4, [sp, #24]
  49 000e 0794     		str	r4, [sp, #28]
  50              		.loc 1 42 3 is_stmt 1 view .LVU3
  51              	.LBB2:
  52              		.loc 1 42 3 view .LVU4
  53              		.loc 1 42 3 view .LVU5
  54 0010 334B     		ldr	r3, .L3
  55 0012 9A69     		ldr	r2, [r3, #24]
  56 0014 42F01002 		orr	r2, r2, #16
  57 0018 9A61     		str	r2, [r3, #24]
ARM GAS  C:\Users\VD1800~1\AppData\Local\Temp\ccwdj8Sz.s 			page 2


  58              		.loc 1 42 3 view .LVU6
  59 001a 9A69     		ldr	r2, [r3, #24]
  60 001c 02F01002 		and	r2, r2, #16
  61 0020 0192     		str	r2, [sp, #4]
  62              		.loc 1 42 3 view .LVU7
  63 0022 019A     		ldr	r2, [sp, #4]
  64              	.LBE2:
  65              		.loc 1 42 3 view .LVU8
  66              		.loc 1 43 3 view .LVU9
  67              	.LBB3:
  68              		.loc 1 43 3 view .LVU10
  69              		.loc 1 43 3 view .LVU11
  70 0024 9A69     		ldr	r2, [r3, #24]
  71 0026 42F00402 		orr	r2, r2, #4
  72 002a 9A61     		str	r2, [r3, #24]
  73              		.loc 1 43 3 view .LVU12
  74 002c 9A69     		ldr	r2, [r3, #24]
  75 002e 02F00402 		and	r2, r2, #4
  76 0032 0292     		str	r2, [sp, #8]
  77              		.loc 1 43 3 view .LVU13
  78 0034 029A     		ldr	r2, [sp, #8]
  79              	.LBE3:
  80              		.loc 1 43 3 view .LVU14
  81              		.loc 1 44 3 view .LVU15
  82              	.LBB4:
  83              		.loc 1 44 3 view .LVU16
  84              		.loc 1 44 3 view .LVU17
  85 0036 9A69     		ldr	r2, [r3, #24]
  86 0038 42F00802 		orr	r2, r2, #8
  87 003c 9A61     		str	r2, [r3, #24]
  88              		.loc 1 44 3 view .LVU18
  89 003e 9B69     		ldr	r3, [r3, #24]
  90 0040 03F00803 		and	r3, r3, #8
  91 0044 0393     		str	r3, [sp, #12]
  92              		.loc 1 44 3 view .LVU19
  93 0046 039B     		ldr	r3, [sp, #12]
  94              	.LBE4:
  95              		.loc 1 44 3 view .LVU20
  96              		.loc 1 47 3 view .LVU21
  97 0048 DFF89880 		ldr	r8, .L3+4
  98 004c 2246     		mov	r2, r4
  99 004e 40F67F71 		movw	r1, #3967
 100 0052 4046     		mov	r0, r8
 101 0054 FFF7FEFF 		bl	HAL_GPIO_WritePin
 102              	.LVL0:
 103              		.loc 1 52 3 view .LVU22
 104 0058 234E     		ldr	r6, .L3+8
 105 005a 2246     		mov	r2, r4
 106 005c 0A21     		movs	r1, #10
 107 005e 3046     		mov	r0, r6
 108 0060 FFF7FEFF 		bl	HAL_GPIO_WritePin
 109              	.LVL1:
 110              		.loc 1 55 3 view .LVU23
 111 0064 0122     		movs	r2, #1
 112 0066 8021     		movs	r1, #128
 113 0068 4046     		mov	r0, r8
 114 006a FFF7FEFF 		bl	HAL_GPIO_WritePin
ARM GAS  C:\Users\VD1800~1\AppData\Local\Temp\ccwdj8Sz.s 			page 3


 115              	.LVL2:
 116              		.loc 1 60 3 view .LVU24
 117              		.loc 1 60 23 is_stmt 0 view .LVU25
 118 006e 40F6FF73 		movw	r3, #4095
 119 0072 0493     		str	r3, [sp, #16]
 120              		.loc 1 63 3 is_stmt 1 view .LVU26
 121              		.loc 1 63 24 is_stmt 0 view .LVU27
 122 0074 0125     		movs	r5, #1
 123 0076 0595     		str	r5, [sp, #20]
 124              		.loc 1 64 3 is_stmt 1 view .LVU28
 125              		.loc 1 64 24 is_stmt 0 view .LVU29
 126 0078 0695     		str	r5, [sp, #24]
 127              		.loc 1 65 3 is_stmt 1 view .LVU30
 128              		.loc 1 65 25 is_stmt 0 view .LVU31
 129 007a 0227     		movs	r7, #2
 130 007c 0797     		str	r7, [sp, #28]
 131              		.loc 1 66 3 is_stmt 1 view .LVU32
 132 007e 04A9     		add	r1, sp, #16
 133 0080 4046     		mov	r0, r8
 134 0082 FFF7FEFF 		bl	HAL_GPIO_Init
 135              	.LVL3:
 136              		.loc 1 69 3 view .LVU33
 137              		.loc 1 69 23 is_stmt 0 view .LVU34
 138 0086 0495     		str	r5, [sp, #16]
 139              		.loc 1 70 3 is_stmt 1 view .LVU35
 140              		.loc 1 70 24 is_stmt 0 view .LVU36
 141 0088 184B     		ldr	r3, .L3+12
 142 008a 0593     		str	r3, [sp, #20]
 143              		.loc 1 71 3 is_stmt 1 view .LVU37
 144              		.loc 1 71 24 is_stmt 0 view .LVU38
 145 008c 0697     		str	r7, [sp, #24]
 146              		.loc 1 72 3 is_stmt 1 view .LVU39
 147 008e 04A9     		add	r1, sp, #16
 148 0090 3046     		mov	r0, r6
 149 0092 FFF7FEFF 		bl	HAL_GPIO_Init
 150              	.LVL4:
 151              		.loc 1 75 3 view .LVU40
 152              		.loc 1 75 23 is_stmt 0 view .LVU41
 153 0096 0A23     		movs	r3, #10
 154 0098 0493     		str	r3, [sp, #16]
 155              		.loc 1 76 3 is_stmt 1 view .LVU42
 156              		.loc 1 76 24 is_stmt 0 view .LVU43
 157 009a 0595     		str	r5, [sp, #20]
 158              		.loc 1 77 3 is_stmt 1 view .LVU44
 159              		.loc 1 77 24 is_stmt 0 view .LVU45
 160 009c 0695     		str	r5, [sp, #24]
 161              		.loc 1 78 3 is_stmt 1 view .LVU46
 162              		.loc 1 78 25 is_stmt 0 view .LVU47
 163 009e 0797     		str	r7, [sp, #28]
 164              		.loc 1 79 3 is_stmt 1 view .LVU48
 165 00a0 04A9     		add	r1, sp, #16
 166 00a2 3046     		mov	r0, r6
 167 00a4 FFF7FEFF 		bl	HAL_GPIO_Init
 168              	.LVL5:
 169              		.loc 1 82 3 view .LVU49
 170              		.loc 1 82 23 is_stmt 0 view .LVU50
 171 00a8 0423     		movs	r3, #4
ARM GAS  C:\Users\VD1800~1\AppData\Local\Temp\ccwdj8Sz.s 			page 4


 172 00aa 0493     		str	r3, [sp, #16]
 173              		.loc 1 83 3 is_stmt 1 view .LVU51
 174              		.loc 1 83 24 is_stmt 0 view .LVU52
 175 00ac 104B     		ldr	r3, .L3+16
 176 00ae 0593     		str	r3, [sp, #20]
 177              		.loc 1 84 3 is_stmt 1 view .LVU53
 178              		.loc 1 84 24 is_stmt 0 view .LVU54
 179 00b0 0697     		str	r7, [sp, #24]
 180              		.loc 1 85 3 is_stmt 1 view .LVU55
 181 00b2 04A9     		add	r1, sp, #16
 182 00b4 3046     		mov	r0, r6
 183 00b6 FFF7FEFF 		bl	HAL_GPIO_Init
 184              	.LVL6:
 185              		.loc 1 88 3 view .LVU56
 186 00ba 2246     		mov	r2, r4
 187 00bc 2146     		mov	r1, r4
 188 00be 0620     		movs	r0, #6
 189 00c0 FFF7FEFF 		bl	HAL_NVIC_SetPriority
 190              	.LVL7:
 191              		.loc 1 89 3 view .LVU57
 192 00c4 0620     		movs	r0, #6
 193 00c6 FFF7FEFF 		bl	HAL_NVIC_EnableIRQ
 194              	.LVL8:
 195              		.loc 1 91 3 view .LVU58
 196 00ca 2246     		mov	r2, r4
 197 00cc 2146     		mov	r1, r4
 198 00ce 0820     		movs	r0, #8
 199 00d0 FFF7FEFF 		bl	HAL_NVIC_SetPriority
 200              	.LVL9:
 201              		.loc 1 92 3 view .LVU59
 202 00d4 0820     		movs	r0, #8
 203 00d6 FFF7FEFF 		bl	HAL_NVIC_EnableIRQ
 204              	.LVL10:
 205              		.loc 1 94 1 is_stmt 0 view .LVU60
 206 00da 08B0     		add	sp, sp, #32
 207              	.LCFI2:
 208              		.cfi_def_cfa_offset 24
 209              		@ sp needed
 210 00dc BDE8F081 		pop	{r4, r5, r6, r7, r8, pc}
 211              	.L4:
 212              		.align	2
 213              	.L3:
 214 00e0 00100240 		.word	1073876992
 215 00e4 00100140 		.word	1073811456
 216 00e8 000C0140 		.word	1073810432
 217 00ec 00003110 		.word	271646720
 218 00f0 00001110 		.word	269549568
 219              		.cfi_endproc
 220              	.LFE65:
 222              		.text
 223              	.Letext0:
 224              		.file 2 "../c:\\users\\vd180005d\\desktop\\mips\\gnu mcu\\arm-none-eabi-gcc-10.2.1-1.1\\arm-none-e
 225              		.file 3 "../c:\\users\\vd180005d\\desktop\\mips\\gnu mcu\\arm-none-eabi-gcc-10.2.1-1.1\\arm-none-e
 226              		.file 4 "../Drivers/CMSIS/Device/ST/STM32F1xx/Include/stm32f103x6.h"
 227              		.file 5 "../Drivers/STM32F1xx_HAL_Driver/Inc/stm32f1xx_hal_gpio.h"
 228              		.file 6 "../Drivers/STM32F1xx_HAL_Driver/Inc/stm32f1xx_hal_cortex.h"
ARM GAS  C:\Users\VD1800~1\AppData\Local\Temp\ccwdj8Sz.s 			page 5


DEFINED SYMBOLS
                            *ABS*:0000000000000000 gpio.c
C:\Users\VD1800~1\AppData\Local\Temp\ccwdj8Sz.s:16     .text.MX_GPIO_Init:0000000000000000 $t
C:\Users\VD1800~1\AppData\Local\Temp\ccwdj8Sz.s:24     .text.MX_GPIO_Init:0000000000000000 MX_GPIO_Init
C:\Users\VD1800~1\AppData\Local\Temp\ccwdj8Sz.s:214    .text.MX_GPIO_Init:00000000000000e0 $d

UNDEFINED SYMBOLS
HAL_GPIO_WritePin
HAL_GPIO_Init
HAL_NVIC_SetPriority
HAL_NVIC_EnableIRQ
