ARM GAS  C:\Users\VD1800~1\AppData\Local\Temp\cc44MUBa.s 			page 1


   1              		.cpu cortex-m3
   2              		.eabi_attribute 20, 1
   3              		.eabi_attribute 21, 1
   4              		.eabi_attribute 23, 3
   5              		.eabi_attribute 24, 1
   6              		.eabi_attribute 25, 1
   7              		.eabi_attribute 26, 1
   8              		.eabi_attribute 30, 1
   9              		.eabi_attribute 34, 1
  10              		.eabi_attribute 18, 4
  11              		.file	"main.c"
  12              		.text
  13              	.Ltext0:
  14              		.cfi_sections	.debug_frame
  15              		.section	.text.Error_Handler,"ax",%progbits
  16              		.align	1
  17              		.global	Error_Handler
  18              		.arch armv7-m
  19              		.syntax unified
  20              		.thumb
  21              		.thumb_func
  22              		.fpu softvfp
  24              	Error_Handler:
  25              	.LFB67:
  26              		.file 1 "../Core/Src/main.c"
   1:../Core/Src/main.c **** 
  27              		.loc 1 153 1 view -0
  28              		.cfi_startproc
  29              		@ Volatile: function does not return.
  30              		@ args = 0, pretend = 0, frame = 0
  31              		@ frame_needed = 0, uses_anonymous_args = 0
  32              		@ link register save eliminated.
  33              		.loc 1 156 3 view .LVU1
  34              	.LBB4:
  35              	.LBI4:
  36              		.file 2 "../Drivers/CMSIS/Include/cmsis_gcc.h"
   1:../Drivers/CMSIS/Include/cmsis_gcc.h **** 
  37              		.loc 2 140 27 view .LVU2
  38              	.LBB5:
  39              		.loc 2 142 3 view .LVU3
  40              		.syntax unified
  41              	@ 142 "Drivers/CMSIS/Include/cmsis_gcc.h" 1
  42 0000 72B6     		cpsid i
  43              	@ 0 "" 2
  44              		.thumb
  45              		.syntax unified
  46              	.L2:
  47              	.LBE5:
  48              	.LBE4:
  49              		.loc 1 157 3 discriminator 1 view .LVU4
  50              		.loc 1 159 3 discriminator 1 view .LVU5
  51              		.loc 1 157 9 discriminator 1 view .LVU6
  52 0002 FEE7     		b	.L2
  53              		.cfi_endproc
  54              	.LFE67:
  56              		.section	.text.SystemClock_Config,"ax",%progbits
  57              		.align	1
ARM GAS  C:\Users\VD1800~1\AppData\Local\Temp\cc44MUBa.s 			page 2


  58              		.global	SystemClock_Config
  59              		.syntax unified
  60              		.thumb
  61              		.thumb_func
  62              		.fpu softvfp
  64              	SystemClock_Config:
  65              	.LFB66:
  66              		.loc 1 114 1 view -0
  67              		.cfi_startproc
  68              		@ args = 0, pretend = 0, frame = 64
  69              		@ frame_needed = 0, uses_anonymous_args = 0
  70 0000 00B5     		push	{lr}
  71              	.LCFI0:
  72              		.cfi_def_cfa_offset 4
  73              		.cfi_offset 14, -4
  74 0002 91B0     		sub	sp, sp, #68
  75              	.LCFI1:
  76              		.cfi_def_cfa_offset 72
  77              		.loc 1 115 3 view .LVU8
  78              		.loc 1 115 22 is_stmt 0 view .LVU9
  79 0004 2822     		movs	r2, #40
  80 0006 0021     		movs	r1, #0
  81 0008 06A8     		add	r0, sp, #24
  82 000a FFF7FEFF 		bl	memset
  83              	.LVL0:
  84              		.loc 1 116 3 is_stmt 1 view .LVU10
  85              		.loc 1 116 22 is_stmt 0 view .LVU11
  86 000e 0023     		movs	r3, #0
  87 0010 0193     		str	r3, [sp, #4]
  88 0012 0293     		str	r3, [sp, #8]
  89 0014 0393     		str	r3, [sp, #12]
  90 0016 0493     		str	r3, [sp, #16]
  91 0018 0593     		str	r3, [sp, #20]
  92              		.loc 1 121 3 is_stmt 1 view .LVU12
  93              		.loc 1 121 36 is_stmt 0 view .LVU13
  94 001a 0223     		movs	r3, #2
  95 001c 0693     		str	r3, [sp, #24]
  96              		.loc 1 122 3 is_stmt 1 view .LVU14
  97              		.loc 1 122 30 is_stmt 0 view .LVU15
  98 001e 0123     		movs	r3, #1
  99 0020 0A93     		str	r3, [sp, #40]
 100              		.loc 1 123 3 is_stmt 1 view .LVU16
 101              		.loc 1 123 41 is_stmt 0 view .LVU17
 102 0022 1023     		movs	r3, #16
 103 0024 0B93     		str	r3, [sp, #44]
 104              		.loc 1 124 3 is_stmt 1 view .LVU18
 105              		.loc 1 125 3 view .LVU19
 106              		.loc 1 125 7 is_stmt 0 view .LVU20
 107 0026 06A8     		add	r0, sp, #24
 108 0028 FFF7FEFF 		bl	HAL_RCC_OscConfig
 109              	.LVL1:
 110              		.loc 1 125 6 view .LVU21
 111 002c 68B9     		cbnz	r0, .L7
 112              		.loc 1 131 3 is_stmt 1 view .LVU22
 113              		.loc 1 131 31 is_stmt 0 view .LVU23
 114 002e 0F23     		movs	r3, #15
 115 0030 0193     		str	r3, [sp, #4]
ARM GAS  C:\Users\VD1800~1\AppData\Local\Temp\cc44MUBa.s 			page 3


 116              		.loc 1 133 3 is_stmt 1 view .LVU24
 117              		.loc 1 133 34 is_stmt 0 view .LVU25
 118 0032 0021     		movs	r1, #0
 119 0034 0291     		str	r1, [sp, #8]
 120              		.loc 1 134 3 is_stmt 1 view .LVU26
 121              		.loc 1 134 35 is_stmt 0 view .LVU27
 122 0036 0391     		str	r1, [sp, #12]
 123              		.loc 1 135 3 is_stmt 1 view .LVU28
 124              		.loc 1 135 36 is_stmt 0 view .LVU29
 125 0038 0491     		str	r1, [sp, #16]
 126              		.loc 1 136 3 is_stmt 1 view .LVU30
 127              		.loc 1 136 36 is_stmt 0 view .LVU31
 128 003a 0591     		str	r1, [sp, #20]
 129              		.loc 1 138 3 is_stmt 1 view .LVU32
 130              		.loc 1 138 7 is_stmt 0 view .LVU33
 131 003c 01A8     		add	r0, sp, #4
 132 003e FFF7FEFF 		bl	HAL_RCC_ClockConfig
 133              	.LVL2:
 134              		.loc 1 138 6 view .LVU34
 135 0042 20B9     		cbnz	r0, .L8
 136              		.loc 1 142 1 view .LVU35
 137 0044 11B0     		add	sp, sp, #68
 138              	.LCFI2:
 139              		.cfi_remember_state
 140              		.cfi_def_cfa_offset 4
 141              		@ sp needed
 142 0046 5DF804FB 		ldr	pc, [sp], #4
 143              	.L7:
 144              	.LCFI3:
 145              		.cfi_restore_state
 146              		.loc 1 127 5 is_stmt 1 view .LVU36
 147 004a FFF7FEFF 		bl	Error_Handler
 148              	.LVL3:
 149              	.L8:
 150              		.loc 1 140 5 view .LVU37
 151 004e FFF7FEFF 		bl	Error_Handler
 152              	.LVL4:
 153              		.cfi_endproc
 154              	.LFE66:
 156              		.section	.text.main,"ax",%progbits
 157              		.align	1
 158              		.global	main
 159              		.syntax unified
 160              		.thumb
 161              		.thumb_func
 162              		.fpu softvfp
 164              	main:
 165              	.LFB65:
 166              		.loc 1 65 1 view -0
 167              		.cfi_startproc
 168              		@ Volatile: function does not return.
 169              		@ args = 0, pretend = 0, frame = 0
 170              		@ frame_needed = 0, uses_anonymous_args = 0
 171 0000 08B5     		push	{r3, lr}
 172              	.LCFI4:
 173              		.cfi_def_cfa_offset 8
 174              		.cfi_offset 3, -8
ARM GAS  C:\Users\VD1800~1\AppData\Local\Temp\cc44MUBa.s 			page 4


 175              		.cfi_offset 14, -4
 176              		.loc 1 73 3 view .LVU39
 177 0002 FFF7FEFF 		bl	HAL_Init
 178              	.LVL5:
 179              		.loc 1 80 3 view .LVU40
 180 0006 FFF7FEFF 		bl	SystemClock_Config
 181              	.LVL6:
 182              		.loc 1 87 3 view .LVU41
 183 000a FFF7FEFF 		bl	MX_GPIO_Init
 184              	.LVL7:
 185              		.loc 1 88 3 view .LVU42
 186 000e FFF7FEFF 		bl	MX_TIM1_Init
 187              	.LVL8:
 188              		.loc 1 89 3 view .LVU43
 189 0012 FFF7FEFF 		bl	MX_TIM3_Init
 190              	.LVL9:
 191              		.loc 1 91 3 view .LVU44
 192 0016 0A4C     		ldr	r4, .L12
 193 0018 2046     		mov	r0, r4
 194 001a FFF7FEFF 		bl	HAL_TIM_Base_Start_IT
 195              	.LVL10:
 196              		.loc 1 92 3 view .LVU45
 197 001e 0021     		movs	r1, #0
 198 0020 2046     		mov	r0, r4
 199 0022 FFF7FEFF 		bl	HAL_TIM_OC_Start
 200              	.LVL11:
 201              		.loc 1 93 3 view .LVU46
 202 0026 074C     		ldr	r4, .L12+4
 203 0028 2046     		mov	r0, r4
 204 002a FFF7FEFF 		bl	HAL_TIM_Base_Start_IT
 205              	.LVL12:
 206              		.loc 1 94 3 view .LVU47
 207 002e 0021     		movs	r1, #0
 208 0030 2046     		mov	r0, r4
 209 0032 FFF7FEFF 		bl	HAL_TIM_IC_Start_IT
 210              	.LVL13:
 211              		.loc 1 95 3 view .LVU48
 212 0036 0421     		movs	r1, #4
 213 0038 2046     		mov	r0, r4
 214 003a FFF7FEFF 		bl	HAL_TIM_IC_Start_IT
 215              	.LVL14:
 216              	.L10:
 217              		.loc 1 100 3 discriminator 1 view .LVU49
 218              		.loc 1 105 3 discriminator 1 view .LVU50
 219              		.loc 1 100 9 discriminator 1 view .LVU51
 220 003e FEE7     		b	.L10
 221              	.L13:
 222              		.align	2
 223              	.L12:
 224 0040 00000000 		.word	htim1
 225 0044 00000000 		.word	htim3
 226              		.cfi_endproc
 227              	.LFE65:
 229              		.text
 230              	.Letext0:
 231              		.file 3 "../c:\\users\\vd180005d\\desktop\\mips\\gnu mcu\\arm-none-eabi-gcc-10.2.1-1.1\\arm-none-e
 232              		.file 4 "../c:\\users\\vd180005d\\desktop\\mips\\gnu mcu\\arm-none-eabi-gcc-10.2.1-1.1\\arm-none-e
ARM GAS  C:\Users\VD1800~1\AppData\Local\Temp\cc44MUBa.s 			page 5


 233              		.file 5 "../Drivers/CMSIS/Device/ST/STM32F1xx/Include/stm32f103x6.h"
 234              		.file 6 "../Drivers/STM32F1xx_HAL_Driver/Inc/stm32f1xx_hal_def.h"
 235              		.file 7 "../Drivers/STM32F1xx_HAL_Driver/Inc/stm32f1xx_hal_rcc.h"
 236              		.file 8 "../Drivers/STM32F1xx_HAL_Driver/Inc/stm32f1xx_hal_rcc_ex.h"
 237              		.file 9 "../Drivers/STM32F1xx_HAL_Driver/Inc/stm32f1xx_hal_dma.h"
 238              		.file 10 "../Drivers/STM32F1xx_HAL_Driver/Inc/stm32f1xx_hal_tim.h"
 239              		.file 11 "../Core/Inc/tim.h"
 240              		.file 12 "../Drivers/STM32F1xx_HAL_Driver/Inc/stm32f1xx_hal.h"
 241              		.file 13 "../Core/Inc/gpio.h"
 242              		.file 14 "../<built-in>"
ARM GAS  C:\Users\VD1800~1\AppData\Local\Temp\cc44MUBa.s 			page 6


DEFINED SYMBOLS
                            *ABS*:0000000000000000 main.c
C:\Users\VD1800~1\AppData\Local\Temp\cc44MUBa.s:16     .text.Error_Handler:0000000000000000 $t
C:\Users\VD1800~1\AppData\Local\Temp\cc44MUBa.s:24     .text.Error_Handler:0000000000000000 Error_Handler
C:\Users\VD1800~1\AppData\Local\Temp\cc44MUBa.s:57     .text.SystemClock_Config:0000000000000000 $t
C:\Users\VD1800~1\AppData\Local\Temp\cc44MUBa.s:64     .text.SystemClock_Config:0000000000000000 SystemClock_Config
C:\Users\VD1800~1\AppData\Local\Temp\cc44MUBa.s:157    .text.main:0000000000000000 $t
C:\Users\VD1800~1\AppData\Local\Temp\cc44MUBa.s:164    .text.main:0000000000000000 main
C:\Users\VD1800~1\AppData\Local\Temp\cc44MUBa.s:224    .text.main:0000000000000040 $d

UNDEFINED SYMBOLS
memset
HAL_RCC_OscConfig
HAL_RCC_ClockConfig
HAL_Init
MX_GPIO_Init
MX_TIM1_Init
MX_TIM3_Init
HAL_TIM_Base_Start_IT
HAL_TIM_OC_Start
HAL_TIM_IC_Start_IT
htim1
htim3
