ARM GAS  C:\Users\VD1800~1\AppData\Local\Temp\ccI1hglU.s 			page 1


   1              		.cpu cortex-m3
   2              		.eabi_attribute 20, 1
   3              		.eabi_attribute 21, 1
   4              		.eabi_attribute 23, 3
   5              		.eabi_attribute 24, 1
   6              		.eabi_attribute 25, 1
   7              		.eabi_attribute 26, 1
   8              		.eabi_attribute 30, 1
   9              		.eabi_attribute 34, 1
  10              		.eabi_attribute 18, 4
  11              		.file	"stm32f1xx_it.c"
  12              		.text
  13              	.Ltext0:
  14              		.cfi_sections	.debug_frame
  15              		.section	.text.NMI_Handler,"ax",%progbits
  16              		.align	1
  17              		.global	NMI_Handler
  18              		.arch armv7-m
  19              		.syntax unified
  20              		.thumb
  21              		.thumb_func
  22              		.fpu softvfp
  24              	NMI_Handler:
  25              	.LFB65:
  26              		.file 1 "../Core/Src/stm32f1xx_it.c"
   1:../Core/Src/stm32f1xx_it.c **** 
  27              		.loc 1 73 1 view -0
  28              		.cfi_startproc
  29              		@ Volatile: function does not return.
  30              		@ args = 0, pretend = 0, frame = 0
  31              		@ frame_needed = 0, uses_anonymous_args = 0
  32              		@ link register save eliminated.
  33              	.L2:
  34              		.loc 1 78 3 discriminator 1 view .LVU1
  35              		.loc 1 80 3 discriminator 1 view .LVU2
  36              		.loc 1 78 9 discriminator 1 view .LVU3
  37 0000 FEE7     		b	.L2
  38              		.cfi_endproc
  39              	.LFE65:
  41              		.section	.text.HardFault_Handler,"ax",%progbits
  42              		.align	1
  43              		.global	HardFault_Handler
  44              		.syntax unified
  45              		.thumb
  46              		.thumb_func
  47              		.fpu softvfp
  49              	HardFault_Handler:
  50              	.LFB66:
  51              		.loc 1 88 1 view -0
  52              		.cfi_startproc
  53              		@ Volatile: function does not return.
  54              		@ args = 0, pretend = 0, frame = 0
  55              		@ frame_needed = 0, uses_anonymous_args = 0
  56              		@ link register save eliminated.
  57              	.L4:
  58              		.loc 1 92 3 discriminator 1 view .LVU5
  59              		.loc 1 96 3 discriminator 1 view .LVU6
ARM GAS  C:\Users\VD1800~1\AppData\Local\Temp\ccI1hglU.s 			page 2


  60              		.loc 1 92 9 discriminator 1 view .LVU7
  61 0000 FEE7     		b	.L4
  62              		.cfi_endproc
  63              	.LFE66:
  65              		.section	.text.MemManage_Handler,"ax",%progbits
  66              		.align	1
  67              		.global	MemManage_Handler
  68              		.syntax unified
  69              		.thumb
  70              		.thumb_func
  71              		.fpu softvfp
  73              	MemManage_Handler:
  74              	.LFB67:
  75              		.loc 1 103 1 view -0
  76              		.cfi_startproc
  77              		@ Volatile: function does not return.
  78              		@ args = 0, pretend = 0, frame = 0
  79              		@ frame_needed = 0, uses_anonymous_args = 0
  80              		@ link register save eliminated.
  81              	.L6:
  82              		.loc 1 107 3 discriminator 1 view .LVU9
  83              		.loc 1 111 3 discriminator 1 view .LVU10
  84              		.loc 1 107 9 discriminator 1 view .LVU11
  85 0000 FEE7     		b	.L6
  86              		.cfi_endproc
  87              	.LFE67:
  89              		.section	.text.BusFault_Handler,"ax",%progbits
  90              		.align	1
  91              		.global	BusFault_Handler
  92              		.syntax unified
  93              		.thumb
  94              		.thumb_func
  95              		.fpu softvfp
  97              	BusFault_Handler:
  98              	.LFB68:
  99              		.loc 1 118 1 view -0
 100              		.cfi_startproc
 101              		@ Volatile: function does not return.
 102              		@ args = 0, pretend = 0, frame = 0
 103              		@ frame_needed = 0, uses_anonymous_args = 0
 104              		@ link register save eliminated.
 105              	.L8:
 106              		.loc 1 122 3 discriminator 1 view .LVU13
 107              		.loc 1 126 3 discriminator 1 view .LVU14
 108              		.loc 1 122 9 discriminator 1 view .LVU15
 109 0000 FEE7     		b	.L8
 110              		.cfi_endproc
 111              	.LFE68:
 113              		.section	.text.UsageFault_Handler,"ax",%progbits
 114              		.align	1
 115              		.global	UsageFault_Handler
 116              		.syntax unified
 117              		.thumb
 118              		.thumb_func
 119              		.fpu softvfp
 121              	UsageFault_Handler:
 122              	.LFB69:
ARM GAS  C:\Users\VD1800~1\AppData\Local\Temp\ccI1hglU.s 			page 3


 123              		.loc 1 133 1 view -0
 124              		.cfi_startproc
 125              		@ Volatile: function does not return.
 126              		@ args = 0, pretend = 0, frame = 0
 127              		@ frame_needed = 0, uses_anonymous_args = 0
 128              		@ link register save eliminated.
 129              	.L10:
 130              		.loc 1 137 3 discriminator 1 view .LVU17
 131              		.loc 1 141 3 discriminator 1 view .LVU18
 132              		.loc 1 137 9 discriminator 1 view .LVU19
 133 0000 FEE7     		b	.L10
 134              		.cfi_endproc
 135              	.LFE69:
 137              		.section	.text.SVC_Handler,"ax",%progbits
 138              		.align	1
 139              		.global	SVC_Handler
 140              		.syntax unified
 141              		.thumb
 142              		.thumb_func
 143              		.fpu softvfp
 145              	SVC_Handler:
 146              	.LFB70:
 147              		.loc 1 148 1 view -0
 148              		.cfi_startproc
 149              		@ args = 0, pretend = 0, frame = 0
 150              		@ frame_needed = 0, uses_anonymous_args = 0
 151              		@ link register save eliminated.
 152              		.loc 1 155 1 view .LVU21
 153 0000 7047     		bx	lr
 154              		.cfi_endproc
 155              	.LFE70:
 157              		.section	.text.DebugMon_Handler,"ax",%progbits
 158              		.align	1
 159              		.global	DebugMon_Handler
 160              		.syntax unified
 161              		.thumb
 162              		.thumb_func
 163              		.fpu softvfp
 165              	DebugMon_Handler:
 166              	.LFB71:
 167              		.loc 1 161 1 view -0
 168              		.cfi_startproc
 169              		@ args = 0, pretend = 0, frame = 0
 170              		@ frame_needed = 0, uses_anonymous_args = 0
 171              		@ link register save eliminated.
 172              		.loc 1 168 1 view .LVU23
 173 0000 7047     		bx	lr
 174              		.cfi_endproc
 175              	.LFE71:
 177              		.section	.text.PendSV_Handler,"ax",%progbits
 178              		.align	1
 179              		.global	PendSV_Handler
 180              		.syntax unified
 181              		.thumb
 182              		.thumb_func
 183              		.fpu softvfp
 185              	PendSV_Handler:
ARM GAS  C:\Users\VD1800~1\AppData\Local\Temp\ccI1hglU.s 			page 4


 186              	.LFB72:
 187              		.loc 1 174 1 view -0
 188              		.cfi_startproc
 189              		@ args = 0, pretend = 0, frame = 0
 190              		@ frame_needed = 0, uses_anonymous_args = 0
 191              		@ link register save eliminated.
 192              		.loc 1 181 1 view .LVU25
 193 0000 7047     		bx	lr
 194              		.cfi_endproc
 195              	.LFE72:
 197              		.section	.text.SysTick_Handler,"ax",%progbits
 198              		.align	1
 199              		.global	SysTick_Handler
 200              		.syntax unified
 201              		.thumb
 202              		.thumb_func
 203              		.fpu softvfp
 205              	SysTick_Handler:
 206              	.LFB73:
 207              		.loc 1 187 1 view -0
 208              		.cfi_startproc
 209              		@ args = 0, pretend = 0, frame = 0
 210              		@ frame_needed = 0, uses_anonymous_args = 0
 211 0000 08B5     		push	{r3, lr}
 212              	.LCFI0:
 213              		.cfi_def_cfa_offset 8
 214              		.cfi_offset 3, -8
 215              		.cfi_offset 14, -4
 216              		.loc 1 191 3 view .LVU27
 217 0002 FFF7FEFF 		bl	HAL_IncTick
 218              	.LVL0:
 219              		.loc 1 195 1 is_stmt 0 view .LVU28
 220 0006 08BD     		pop	{r3, pc}
 221              		.cfi_endproc
 222              	.LFE73:
 224              		.section	.text.EXTI0_IRQHandler,"ax",%progbits
 225              		.align	1
 226              		.global	EXTI0_IRQHandler
 227              		.syntax unified
 228              		.thumb
 229              		.thumb_func
 230              		.fpu softvfp
 232              	EXTI0_IRQHandler:
 233              	.LFB74:
 234              		.loc 1 208 1 is_stmt 1 view -0
 235              		.cfi_startproc
 236              		@ args = 0, pretend = 0, frame = 0
 237              		@ frame_needed = 0, uses_anonymous_args = 0
 238 0000 08B5     		push	{r3, lr}
 239              	.LCFI1:
 240              		.cfi_def_cfa_offset 8
 241              		.cfi_offset 3, -8
 242              		.cfi_offset 14, -4
 243              		.loc 1 212 3 view .LVU30
 244 0002 0120     		movs	r0, #1
 245 0004 FFF7FEFF 		bl	HAL_GPIO_EXTI_IRQHandler
 246              	.LVL1:
ARM GAS  C:\Users\VD1800~1\AppData\Local\Temp\ccI1hglU.s 			page 5


 247              		.loc 1 216 1 is_stmt 0 view .LVU31
 248 0008 08BD     		pop	{r3, pc}
 249              		.cfi_endproc
 250              	.LFE74:
 252              		.section	.text.EXTI2_IRQHandler,"ax",%progbits
 253              		.align	1
 254              		.global	EXTI2_IRQHandler
 255              		.syntax unified
 256              		.thumb
 257              		.thumb_func
 258              		.fpu softvfp
 260              	EXTI2_IRQHandler:
 261              	.LFB75:
 262              		.loc 1 222 1 is_stmt 1 view -0
 263              		.cfi_startproc
 264              		@ args = 0, pretend = 0, frame = 0
 265              		@ frame_needed = 0, uses_anonymous_args = 0
 266 0000 08B5     		push	{r3, lr}
 267              	.LCFI2:
 268              		.cfi_def_cfa_offset 8
 269              		.cfi_offset 3, -8
 270              		.cfi_offset 14, -4
 271              		.loc 1 226 3 view .LVU33
 272 0002 0420     		movs	r0, #4
 273 0004 FFF7FEFF 		bl	HAL_GPIO_EXTI_IRQHandler
 274              	.LVL2:
 275              		.loc 1 230 1 is_stmt 0 view .LVU34
 276 0008 08BD     		pop	{r3, pc}
 277              		.cfi_endproc
 278              	.LFE75:
 280              		.section	.text.TIM1_UP_IRQHandler,"ax",%progbits
 281              		.align	1
 282              		.global	TIM1_UP_IRQHandler
 283              		.syntax unified
 284              		.thumb
 285              		.thumb_func
 286              		.fpu softvfp
 288              	TIM1_UP_IRQHandler:
 289              	.LFB76:
 290              		.loc 1 236 1 is_stmt 1 view -0
 291              		.cfi_startproc
 292              		@ args = 0, pretend = 0, frame = 0
 293              		@ frame_needed = 0, uses_anonymous_args = 0
 294 0000 08B5     		push	{r3, lr}
 295              	.LCFI3:
 296              		.cfi_def_cfa_offset 8
 297              		.cfi_offset 3, -8
 298              		.cfi_offset 14, -4
 299              		.loc 1 240 3 view .LVU36
 300 0002 0248     		ldr	r0, .L22
 301 0004 FFF7FEFF 		bl	HAL_TIM_IRQHandler
 302              	.LVL3:
 303              		.loc 1 244 1 is_stmt 0 view .LVU37
 304 0008 08BD     		pop	{r3, pc}
 305              	.L23:
 306 000a 00BF     		.align	2
 307              	.L22:
ARM GAS  C:\Users\VD1800~1\AppData\Local\Temp\ccI1hglU.s 			page 6


 308 000c 00000000 		.word	htim1
 309              		.cfi_endproc
 310              	.LFE76:
 312              		.section	.text.TIM3_IRQHandler,"ax",%progbits
 313              		.align	1
 314              		.global	TIM3_IRQHandler
 315              		.syntax unified
 316              		.thumb
 317              		.thumb_func
 318              		.fpu softvfp
 320              	TIM3_IRQHandler:
 321              	.LFB77:
 322              		.loc 1 250 1 is_stmt 1 view -0
 323              		.cfi_startproc
 324              		@ args = 0, pretend = 0, frame = 0
 325              		@ frame_needed = 0, uses_anonymous_args = 0
 326 0000 08B5     		push	{r3, lr}
 327              	.LCFI4:
 328              		.cfi_def_cfa_offset 8
 329              		.cfi_offset 3, -8
 330              		.cfi_offset 14, -4
 331              		.loc 1 254 3 view .LVU39
 332 0002 0248     		ldr	r0, .L26
 333 0004 FFF7FEFF 		bl	HAL_TIM_IRQHandler
 334              	.LVL4:
 335              		.loc 1 258 1 is_stmt 0 view .LVU40
 336 0008 08BD     		pop	{r3, pc}
 337              	.L27:
 338 000a 00BF     		.align	2
 339              	.L26:
 340 000c 00000000 		.word	htim3
 341              		.cfi_endproc
 342              	.LFE77:
 344              		.section	.text.HAL_GPIO_EXTI_Callback,"ax",%progbits
 345              		.align	1
 346              		.global	HAL_GPIO_EXTI_Callback
 347              		.syntax unified
 348              		.thumb
 349              		.thumb_func
 350              		.fpu softvfp
 352              	HAL_GPIO_EXTI_Callback:
 353              	.LVL5:
 354              	.LFB78:
 355              		.loc 1 283 47 is_stmt 1 view -0
 356              		.cfi_startproc
 357              		@ args = 0, pretend = 0, frame = 0
 358              		@ frame_needed = 0, uses_anonymous_args = 0
 359              		.loc 1 283 47 is_stmt 0 view .LVU42
 360 0000 10B5     		push	{r4, lr}
 361              	.LCFI5:
 362              		.cfi_def_cfa_offset 8
 363              		.cfi_offset 4, -8
 364              		.cfi_offset 14, -4
 365 0002 0446     		mov	r4, r0
 366              		.loc 1 284 2 is_stmt 1 view .LVU43
 367              		.loc 1 284 4 is_stmt 0 view .LVU44
 368 0004 0128     		cmp	r0, #1
ARM GAS  C:\Users\VD1800~1\AppData\Local\Temp\ccI1hglU.s 			page 7


 369 0006 02D0     		beq	.L34
 370              	.LVL6:
 371              	.L29:
 372              		.loc 1 290 2 is_stmt 1 view .LVU45
 373              		.loc 1 290 4 is_stmt 0 view .LVU46
 374 0008 042C     		cmp	r4, #4
 375 000a 11D0     		beq	.L35
 376              	.L28:
 377              		.loc 1 296 1 view .LVU47
 378 000c 10BD     		pop	{r4, pc}
 379              	.LVL7:
 380              	.L34:
 381              		.loc 1 285 3 is_stmt 1 view .LVU48
 382 000e 0221     		movs	r1, #2
 383 0010 1048     		ldr	r0, .L36
 384              	.LVL8:
 385              		.loc 1 285 3 is_stmt 0 view .LVU49
 386 0012 FFF7FEFF 		bl	HAL_GPIO_TogglePin
 387              	.LVL9:
 388              		.loc 1 286 3 is_stmt 1 view .LVU50
 389              		.loc 1 286 26 is_stmt 0 view .LVU51
 390 0016 104B     		ldr	r3, .L36+4
 391 0018 1B68     		ldr	r3, [r3]
 392              		.loc 1 286 5 view .LVU52
 393 001a 1BB1     		cbz	r3, .L30
 394              		.loc 1 287 6 is_stmt 1 view .LVU53
 395              		.loc 1 287 26 is_stmt 0 view .LVU54
 396 001c 0E4A     		ldr	r2, .L36+4
 397 001e 1368     		ldr	r3, [r2]
 398 0020 0A3B     		subs	r3, r3, #10
 399 0022 1360     		str	r3, [r2]
 400              	.L30:
 401              		.loc 1 288 3 is_stmt 1 view .LVU55
 402              		.loc 1 288 8 is_stmt 0 view .LVU56
 403 0024 0D4B     		ldr	r3, .L36+8
 404 0026 1B68     		ldr	r3, [r3]
 405              		.loc 1 288 23 view .LVU57
 406 0028 0B4A     		ldr	r2, .L36+4
 407 002a 1268     		ldr	r2, [r2]
 408 002c 5A63     		str	r2, [r3, #52]
 409 002e EBE7     		b	.L29
 410              	.L35:
 411              		.loc 1 291 3 is_stmt 1 view .LVU58
 412 0030 0821     		movs	r1, #8
 413 0032 0848     		ldr	r0, .L36
 414 0034 FFF7FEFF 		bl	HAL_GPIO_TogglePin
 415              	.LVL10:
 416              		.loc 1 292 3 view .LVU59
 417              		.loc 1 292 26 is_stmt 0 view .LVU60
 418 0038 074B     		ldr	r3, .L36+4
 419 003a 1B68     		ldr	r3, [r3]
 420              		.loc 1 292 5 view .LVU61
 421 003c 542B     		cmp	r3, #84
 422 003e 03D8     		bhi	.L32
 423              		.loc 1 293 6 is_stmt 1 view .LVU62
 424              		.loc 1 293 26 is_stmt 0 view .LVU63
 425 0040 054A     		ldr	r2, .L36+4
ARM GAS  C:\Users\VD1800~1\AppData\Local\Temp\ccI1hglU.s 			page 8


 426 0042 1368     		ldr	r3, [r2]
 427 0044 0A33     		adds	r3, r3, #10
 428 0046 1360     		str	r3, [r2]
 429              	.L32:
 430              		.loc 1 294 5 is_stmt 1 view .LVU64
 431              		.loc 1 294 10 is_stmt 0 view .LVU65
 432 0048 044B     		ldr	r3, .L36+8
 433 004a 1B68     		ldr	r3, [r3]
 434              		.loc 1 294 25 view .LVU66
 435 004c 024A     		ldr	r2, .L36+4
 436 004e 1268     		ldr	r2, [r2]
 437 0050 5A63     		str	r2, [r3, #52]
 438              		.loc 1 296 1 view .LVU67
 439 0052 DBE7     		b	.L28
 440              	.L37:
 441              		.align	2
 442              	.L36:
 443 0054 000C0140 		.word	1073810432
 444 0058 00000000 		.word	.LANCHOR0
 445 005c 00000000 		.word	htim1
 446              		.cfi_endproc
 447              	.LFE78:
 449              		.section	.text.HAL_TIM_PeriodElapsedCallback,"ax",%progbits
 450              		.align	1
 451              		.global	HAL_TIM_PeriodElapsedCallback
 452              		.syntax unified
 453              		.thumb
 454              		.thumb_func
 455              		.fpu softvfp
 457              	HAL_TIM_PeriodElapsedCallback:
 458              	.LVL11:
 459              	.LFB79:
 460              		.loc 1 300 60 is_stmt 1 view -0
 461              		.cfi_startproc
 462              		@ args = 0, pretend = 0, frame = 0
 463              		@ frame_needed = 0, uses_anonymous_args = 0
 464              		@ link register save eliminated.
 465              		.loc 1 300 60 is_stmt 0 view .LVU69
 466 0000 30B4     		push	{r4, r5}
 467              	.LCFI6:
 468              		.cfi_def_cfa_offset 8
 469              		.cfi_offset 4, -8
 470              		.cfi_offset 5, -4
 471              		.loc 1 301 2 is_stmt 1 view .LVU70
 472              		.loc 1 301 9 is_stmt 0 view .LVU71
 473 0002 0268     		ldr	r2, [r0]
 474              		.loc 1 301 4 view .LVU72
 475 0004 3B4B     		ldr	r3, .L46
 476 0006 9A42     		cmp	r2, r3
 477 0008 09D0     		beq	.L43
 478              	.L39:
 479              		.loc 1 304 2 is_stmt 1 view .LVU73
 480              		.loc 1 304 9 is_stmt 0 view .LVU74
 481 000a 0268     		ldr	r2, [r0]
 482              		.loc 1 304 26 view .LVU75
 483 000c 3A4B     		ldr	r3, .L46+4
 484 000e 1B68     		ldr	r3, [r3]
ARM GAS  C:\Users\VD1800~1\AppData\Local\Temp\ccI1hglU.s 			page 9


 485              		.loc 1 304 4 view .LVU76
 486 0010 9A42     		cmp	r2, r3
 487 0012 09D0     		beq	.L44
 488              	.L40:
 489              		.loc 1 311 2 is_stmt 1 view .LVU77
 490              		.loc 1 311 9 is_stmt 0 view .LVU78
 491 0014 0268     		ldr	r2, [r0]
 492              		.loc 1 311 4 view .LVU79
 493 0016 9342     		cmp	r3, r2
 494 0018 28D0     		beq	.L45
 495              	.LVL12:
 496              	.L38:
 497              		.loc 1 322 1 view .LVU80
 498 001a 30BC     		pop	{r4, r5}
 499              	.LCFI7:
 500              		.cfi_remember_state
 501              		.cfi_restore 5
 502              		.cfi_restore 4
 503              		.cfi_def_cfa_offset 0
 504 001c 7047     		bx	lr
 505              	.LVL13:
 506              	.L43:
 507              	.LCFI8:
 508              		.cfi_restore_state
 509              		.loc 1 302 3 is_stmt 1 view .LVU81
 510              		.loc 1 302 18 is_stmt 0 view .LVU82
 511 001e 374A     		ldr	r2, .L46+8
 512 0020 1368     		ldr	r3, [r2]
 513 0022 0133     		adds	r3, r3, #1
 514 0024 1360     		str	r3, [r2]
 515 0026 F0E7     		b	.L39
 516              	.L44:
 517              		.loc 1 305 3 is_stmt 1 view .LVU83
 518              		.loc 1 305 17 is_stmt 0 view .LVU84
 519 0028 3549     		ldr	r1, .L46+12
 520 002a 0A68     		ldr	r2, [r1]
 521 002c 0132     		adds	r2, r2, #1
 522              		.loc 1 305 20 view .LVU85
 523 002e 02F00302 		and	r2, r2, #3
 524              		.loc 1 305 9 view .LVU86
 525 0032 0A60     		str	r2, [r1]
 526              		.loc 1 306 3 is_stmt 1 view .LVU87
 527              		.loc 1 306 14 is_stmt 0 view .LVU88
 528 0034 3349     		ldr	r1, .L46+16
 529 0036 CC68     		ldr	r4, [r1, #12]
 530 0038 24F47064 		bic	r4, r4, #3840
 531 003c CC60     		str	r4, [r1, #12]
 532              		.loc 1 307 3 is_stmt 1 view .LVU89
 533              		.loc 1 307 14 is_stmt 0 view .LVU90
 534 003e CC68     		ldr	r4, [r1, #12]
 535 0040 24F0FF04 		bic	r4, r4, #255
 536 0044 CC60     		str	r4, [r1, #12]
 537              		.loc 1 308 3 is_stmt 1 view .LVU91
 538              		.loc 1 308 14 is_stmt 0 view .LVU92
 539 0046 CC68     		ldr	r4, [r1, #12]
 540              		.loc 1 308 31 view .LVU93
 541 0048 2F4D     		ldr	r5, .L46+20
ARM GAS  C:\Users\VD1800~1\AppData\Local\Temp\ccI1hglU.s 			page 10


 542 004a 15F802C0 		ldrb	ip, [r5, r2]	@ zero_extendqisi2
 543              		.loc 1 308 25 view .LVU94
 544 004e 2F4D     		ldr	r5, .L46+24
 545 0050 15F80CC0 		ldrb	ip, [r5, ip]	@ zero_extendqisi2
 546              		.loc 1 308 14 view .LVU95
 547 0054 44EA0C04 		orr	r4, r4, ip
 548 0058 CC60     		str	r4, [r1, #12]
 549              		.loc 1 309 3 is_stmt 1 view .LVU96
 550              		.loc 1 309 14 is_stmt 0 view .LVU97
 551 005a CC68     		ldr	r4, [r1, #12]
 552              		.loc 1 309 29 view .LVU98
 553 005c 0832     		adds	r2, r2, #8
 554              		.loc 1 309 20 view .LVU99
 555 005e 4FF0010C 		mov	ip, #1
 556 0062 0CFA02F2 		lsl	r2, ip, r2
 557              		.loc 1 309 14 view .LVU100
 558 0066 2243     		orrs	r2, r2, r4
 559 0068 CA60     		str	r2, [r1, #12]
 560 006a D3E7     		b	.L40
 561              	.L45:
 562              		.loc 1 311 48 discriminator 1 view .LVU101
 563 006c 284B     		ldr	r3, .L46+28
 564 006e 1B68     		ldr	r3, [r3]
 565              		.loc 1 311 36 discriminator 1 view .LVU102
 566 0070 002B     		cmp	r3, #0
 567 0072 D2D0     		beq	.L38
 568              		.loc 1 312 3 is_stmt 1 view .LVU103
 569              		.loc 1 312 21 is_stmt 0 view .LVU104
 570 0074 264C     		ldr	r4, .L46+28
 571 0076 2368     		ldr	r3, [r4]
 572 0078 264A     		ldr	r2, .L46+32
 573 007a A2FB0323 		umull	r2, r3, r2, r3
 574 007e 9B09     		lsrs	r3, r3, #6
 575              		.loc 1 312 11 view .LVU105
 576 0080 2148     		ldr	r0, .L46+20
 577              	.LVL14:
 578              		.loc 1 312 11 view .LVU106
 579 0082 0370     		strb	r3, [r0]
 580              		.loc 1 313 6 is_stmt 1 view .LVU107
 581              		.loc 1 313 24 is_stmt 0 view .LVU108
 582 0084 2268     		ldr	r2, [r4]
 583 0086 244B     		ldr	r3, .L46+36
 584 0088 A3FB0212 		umull	r1, r2, r3, r2
 585 008c D208     		lsrs	r2, r2, #3
 586              		.loc 1 313 14 view .LVU109
 587 008e 4270     		strb	r2, [r0, #1]
 588              		.loc 1 314 6 is_stmt 1 view .LVU110
 589              		.loc 1 314 24 is_stmt 0 view .LVU111
 590 0090 2168     		ldr	r1, [r4]
 591 0092 A3FB0121 		umull	r2, r1, r3, r1
 592 0096 C908     		lsrs	r1, r1, #3
 593              		.loc 1 314 27 view .LVU112
 594 0098 A3FB0152 		umull	r5, r2, r3, r1
 595 009c D208     		lsrs	r2, r2, #3
 596 009e 02EB8202 		add	r2, r2, r2, lsl #2
 597 00a2 A1EB4202 		sub	r2, r1, r2, lsl #1
 598              		.loc 1 314 14 view .LVU113
ARM GAS  C:\Users\VD1800~1\AppData\Local\Temp\ccI1hglU.s 			page 11


 599 00a6 8270     		strb	r2, [r0, #2]
 600              		.loc 1 315 6 is_stmt 1 view .LVU114
 601              		.loc 1 315 24 is_stmt 0 view .LVU115
 602 00a8 2268     		ldr	r2, [r4]
 603 00aa A3FB0213 		umull	r1, r3, r3, r2
 604 00ae DB08     		lsrs	r3, r3, #3
 605 00b0 03EB8303 		add	r3, r3, r3, lsl #2
 606 00b4 A2EB4303 		sub	r3, r2, r3, lsl #1
 607              		.loc 1 315 14 view .LVU116
 608 00b8 C370     		strb	r3, [r0, #3]
 609              		.loc 1 316 6 is_stmt 1 view .LVU117
 610              		.loc 1 316 20 is_stmt 0 view .LVU118
 611 00ba 114A     		ldr	r2, .L46+12
 612 00bc 1368     		ldr	r3, [r2]
 613 00be 0133     		adds	r3, r3, #1
 614              		.loc 1 316 23 view .LVU119
 615 00c0 03F00303 		and	r3, r3, #3
 616              		.loc 1 316 12 view .LVU120
 617 00c4 1360     		str	r3, [r2]
 618              		.loc 1 317 6 is_stmt 1 view .LVU121
 619              		.loc 1 317 17 is_stmt 0 view .LVU122
 620 00c6 0F4A     		ldr	r2, .L46+16
 621 00c8 D168     		ldr	r1, [r2, #12]
 622 00ca 21F47061 		bic	r1, r1, #3840
 623 00ce D160     		str	r1, [r2, #12]
 624              		.loc 1 318 6 is_stmt 1 view .LVU123
 625              		.loc 1 318 17 is_stmt 0 view .LVU124
 626 00d0 D168     		ldr	r1, [r2, #12]
 627 00d2 21F0FF01 		bic	r1, r1, #255
 628 00d6 D160     		str	r1, [r2, #12]
 629              		.loc 1 319 6 is_stmt 1 view .LVU125
 630              		.loc 1 319 17 is_stmt 0 view .LVU126
 631 00d8 D168     		ldr	r1, [r2, #12]
 632              		.loc 1 319 34 view .LVU127
 633 00da C05C     		ldrb	r0, [r0, r3]	@ zero_extendqisi2
 634              		.loc 1 319 28 view .LVU128
 635 00dc 0B4C     		ldr	r4, .L46+24
 636 00de 205C     		ldrb	r0, [r4, r0]	@ zero_extendqisi2
 637              		.loc 1 319 17 view .LVU129
 638 00e0 0143     		orrs	r1, r1, r0
 639 00e2 D160     		str	r1, [r2, #12]
 640              		.loc 1 320 6 is_stmt 1 view .LVU130
 641              		.loc 1 320 17 is_stmt 0 view .LVU131
 642 00e4 D168     		ldr	r1, [r2, #12]
 643              		.loc 1 320 32 view .LVU132
 644 00e6 0833     		adds	r3, r3, #8
 645              		.loc 1 320 23 view .LVU133
 646 00e8 0120     		movs	r0, #1
 647 00ea 00FA03F3 		lsl	r3, r0, r3
 648              		.loc 1 320 17 view .LVU134
 649 00ee 0B43     		orrs	r3, r3, r1
 650 00f0 D360     		str	r3, [r2, #12]
 651              		.loc 1 322 1 view .LVU135
 652 00f2 92E7     		b	.L38
 653              	.L47:
 654              		.align	2
 655              	.L46:
ARM GAS  C:\Users\VD1800~1\AppData\Local\Temp\ccI1hglU.s 			page 12


 656 00f4 00040040 		.word	1073742848
 657 00f8 00000000 		.word	htim1
 658 00fc 00000000 		.word	.LANCHOR1
 659 0100 00000000 		.word	.LANCHOR2
 660 0104 00100140 		.word	1073811456
 661 0108 00000000 		.word	.LANCHOR3
 662 010c 00000000 		.word	.LANCHOR4
 663 0110 00000000 		.word	.LANCHOR5
 664 0114 D34D6210 		.word	274877907
 665 0118 CDCCCCCC 		.word	-858993459
 666              		.cfi_endproc
 667              	.LFE79:
 669              		.section	.text.HAL_TIM_IC_CaptureCallback,"ax",%progbits
 670              		.align	1
 671              		.global	HAL_TIM_IC_CaptureCallback
 672              		.syntax unified
 673              		.thumb
 674              		.thumb_func
 675              		.fpu softvfp
 677              	HAL_TIM_IC_CaptureCallback:
 678              	.LVL15:
 679              	.LFB80:
 680              		.loc 1 326 1 is_stmt 1 view -0
 681              		.cfi_startproc
 682              		@ args = 0, pretend = 0, frame = 0
 683              		@ frame_needed = 0, uses_anonymous_args = 0
 684              		.loc 1 326 1 is_stmt 0 view .LVU137
 685 0000 10B5     		push	{r4, lr}
 686              	.LCFI9:
 687              		.cfi_def_cfa_offset 8
 688              		.cfi_offset 4, -8
 689              		.cfi_offset 14, -4
 690              		.loc 1 327 2 is_stmt 1 view .LVU138
 691 0002 304B     		ldr	r3, .L54
 692 0004 1B78     		ldrb	r3, [r3]	@ zero_extendqisi2
 693 0006 012B     		cmp	r3, #1
 694 0008 17D0     		beq	.L49
 695 000a 022B     		cmp	r3, #2
 696 000c 32D0     		beq	.L50
 697 000e 03B1     		cbz	r3, .L53
 698              	.LVL16:
 699              	.L48:
 700              		.loc 1 357 1 is_stmt 0 view .LVU139
 701 0010 10BD     		pop	{r4, pc}
 702              	.LVL17:
 703              	.L53:
 704              		.loc 1 330 3 is_stmt 1 view .LVU140
 705              		.loc 1 330 11 is_stmt 0 view .LVU141
 706 0012 0268     		ldr	r2, [r0]
 707              		.loc 1 330 6 view .LVU142
 708 0014 2C4B     		ldr	r3, .L54+4
 709 0016 9A42     		cmp	r2, r3
 710 0018 FAD1     		bne	.L48
 711              		.loc 1 330 37 discriminator 1 view .LVU143
 712 001a 037F     		ldrb	r3, [r0, #28]	@ zero_extendqisi2
 713              		.loc 1 330 30 discriminator 1 view .LVU144
 714 001c 012B     		cmp	r3, #1
ARM GAS  C:\Users\VD1800~1\AppData\Local\Temp\ccI1hglU.s 			page 13


 715 001e F7D1     		bne	.L48
 716              		.loc 1 332 4 is_stmt 1 view .LVU145
 717              		.loc 1 332 21 is_stmt 0 view .LVU146
 718 0020 0021     		movs	r1, #0
 719 0022 FFF7FEFF 		bl	HAL_TIM_ReadCapturedValue
 720              	.LVL18:
 721              		.loc 1 332 19 view .LVU147
 722 0026 83B2     		uxth	r3, r0
 723 0028 284A     		ldr	r2, .L54+8
 724 002a 1380     		strh	r3, [r2]	@ movhi
 725              		.loc 1 333 4 is_stmt 1 view .LVU148
 726              		.loc 1 333 20 is_stmt 0 view .LVU149
 727 002c 284B     		ldr	r3, .L54+12
 728 002e 0022     		movs	r2, #0
 729 0030 1A60     		str	r2, [r3]
 730              		.loc 1 334 4 is_stmt 1 view .LVU150
 731              		.loc 1 334 10 is_stmt 0 view .LVU151
 732 0032 244B     		ldr	r3, .L54
 733 0034 0122     		movs	r2, #1
 734 0036 1A70     		strb	r2, [r3]
 735 0038 EAE7     		b	.L48
 736              	.LVL19:
 737              	.L49:
 738              		.loc 1 338 3 is_stmt 1 view .LVU152
 739              		.loc 1 338 11 is_stmt 0 view .LVU153
 740 003a 0268     		ldr	r2, [r0]
 741              		.loc 1 338 6 view .LVU154
 742 003c 224B     		ldr	r3, .L54+4
 743 003e 9A42     		cmp	r2, r3
 744 0040 E6D1     		bne	.L48
 745              		.loc 1 338 37 discriminator 1 view .LVU155
 746 0042 037F     		ldrb	r3, [r0, #28]	@ zero_extendqisi2
 747              		.loc 1 338 30 discriminator 1 view .LVU156
 748 0044 022B     		cmp	r3, #2
 749 0046 E3D1     		bne	.L48
 750              		.loc 1 340 4 is_stmt 1 view .LVU157
 751              		.loc 1 340 20 is_stmt 0 view .LVU158
 752 0048 0421     		movs	r1, #4
 753 004a FFF7FEFF 		bl	HAL_TIM_ReadCapturedValue
 754              	.LVL20:
 755              		.loc 1 340 18 view .LVU159
 756 004e 83B2     		uxth	r3, r0
 757 0050 204A     		ldr	r2, .L54+16
 758 0052 1380     		strh	r3, [r2]	@ movhi
 759              		.loc 1 341 4 is_stmt 1 view .LVU160
 760              		.loc 1 341 40 is_stmt 0 view .LVU161
 761 0054 1388     		ldrh	r3, [r2]
 762 0056 9BB2     		uxth	r3, r3
 763              		.loc 1 341 58 view .LVU162
 764 0058 1D4A     		ldr	r2, .L54+12
 765 005a 1268     		ldr	r2, [r2]
 766              		.loc 1 341 40 view .LVU163
 767 005c 03EB0243 		add	r3, r3, r2, lsl #16
 768              		.loc 1 341 71 view .LVU164
 769 0060 1A4A     		ldr	r2, .L54+8
 770 0062 1288     		ldrh	r2, [r2]
 771 0064 92B2     		uxth	r2, r2
ARM GAS  C:\Users\VD1800~1\AppData\Local\Temp\ccI1hglU.s 			page 14


 772 0066 9B1A     		subs	r3, r3, r2
 773              		.loc 1 341 23 view .LVU165
 774 0068 1B4A     		ldr	r2, .L54+20
 775 006a 1360     		str	r3, [r2]
 776              		.loc 1 342 4 is_stmt 1 view .LVU166
 777              		.loc 1 342 10 is_stmt 0 view .LVU167
 778 006c 154B     		ldr	r3, .L54
 779 006e 0222     		movs	r2, #2
 780 0070 1A70     		strb	r2, [r3]
 781 0072 CDE7     		b	.L48
 782              	.LVL21:
 783              	.L50:
 784              		.loc 1 346 3 is_stmt 1 view .LVU168
 785              		.loc 1 346 11 is_stmt 0 view .LVU169
 786 0074 0268     		ldr	r2, [r0]
 787              		.loc 1 346 6 view .LVU170
 788 0076 144B     		ldr	r3, .L54+4
 789 0078 9A42     		cmp	r2, r3
 790 007a C9D1     		bne	.L48
 791              		.loc 1 346 37 discriminator 1 view .LVU171
 792 007c 037F     		ldrb	r3, [r0, #28]	@ zero_extendqisi2
 793              		.loc 1 346 30 discriminator 1 view .LVU172
 794 007e 012B     		cmp	r3, #1
 795 0080 C6D1     		bne	.L48
 796              		.loc 1 348 4 is_stmt 1 view .LVU173
 797              		.loc 1 348 19 is_stmt 0 view .LVU174
 798 0082 0021     		movs	r1, #0
 799 0084 FFF7FEFF 		bl	HAL_TIM_ReadCapturedValue
 800              	.LVL22:
 801              		.loc 1 348 17 view .LVU175
 802 0088 83B2     		uxth	r3, r0
 803 008a 144A     		ldr	r2, .L54+24
 804 008c 1380     		strh	r3, [r2]	@ movhi
 805              		.loc 1 349 4 is_stmt 1 view .LVU176
 806              		.loc 1 349 39 is_stmt 0 view .LVU177
 807 008e 1388     		ldrh	r3, [r2]
 808 0090 9BB2     		uxth	r3, r3
 809              		.loc 1 349 57 view .LVU178
 810 0092 0F48     		ldr	r0, .L54+12
 811 0094 0168     		ldr	r1, [r0]
 812              		.loc 1 349 39 view .LVU179
 813 0096 03EB0143 		add	r3, r3, r1, lsl #16
 814              		.loc 1 349 70 view .LVU180
 815 009a 0C4C     		ldr	r4, .L54+8
 816 009c 2188     		ldrh	r1, [r4]
 817 009e 89B2     		uxth	r1, r1
 818 00a0 5B1A     		subs	r3, r3, r1
 819              		.loc 1 349 23 view .LVU181
 820 00a2 0F49     		ldr	r1, .L54+28
 821 00a4 0B60     		str	r3, [r1]
 822              		.loc 1 350 4 is_stmt 1 view .LVU182
 823              		.loc 1 350 34 is_stmt 0 view .LVU183
 824 00a6 0968     		ldr	r1, [r1]
 825 00a8 0E4B     		ldr	r3, .L54+32
 826 00aa B3FBF1F3 		udiv	r3, r3, r1
 827              		.loc 1 350 14 view .LVU184
 828 00ae 0E49     		ldr	r1, .L54+36
ARM GAS  C:\Users\VD1800~1\AppData\Local\Temp\ccI1hglU.s 			page 15


 829 00b0 0B60     		str	r3, [r1]
 830              		.loc 1 351 4 is_stmt 1 view .LVU185
 831              		.loc 1 351 19 is_stmt 0 view .LVU186
 832 00b2 1388     		ldrh	r3, [r2]
 833 00b4 9BB2     		uxth	r3, r3
 834 00b6 2380     		strh	r3, [r4]	@ movhi
 835              		.loc 1 352 4 is_stmt 1 view .LVU187
 836              		.loc 1 352 20 is_stmt 0 view .LVU188
 837 00b8 0023     		movs	r3, #0
 838 00ba 0360     		str	r3, [r0]
 839              		.loc 1 353 4 is_stmt 1 view .LVU189
 840              		.loc 1 353 10 is_stmt 0 view .LVU190
 841 00bc 014B     		ldr	r3, .L54
 842 00be 0222     		movs	r2, #2
 843 00c0 1A70     		strb	r2, [r3]
 844              		.loc 1 357 1 view .LVU191
 845 00c2 A5E7     		b	.L48
 846              	.L55:
 847              		.align	2
 848              	.L54:
 849 00c4 00000000 		.word	.LANCHOR6
 850 00c8 00040040 		.word	1073742848
 851 00cc 00000000 		.word	.LANCHOR7
 852 00d0 00000000 		.word	.LANCHOR1
 853 00d4 00000000 		.word	.LANCHOR8
 854 00d8 00000000 		.word	.LANCHOR9
 855 00dc 00000000 		.word	.LANCHOR10
 856 00e0 00000000 		.word	.LANCHOR11
 857 00e4 00127A00 		.word	8000000
 858 00e8 00000000 		.word	.LANCHOR5
 859              		.cfi_endproc
 860              	.LFE80:
 862              		.global	seven_seg
 863              		.global	cifre
 864              		.global	tekuca
 865              		.global	frequency
 866              		.global	ticksElapsedPeriod
 867              		.global	ticksElapsedActive
 868              		.global	timestampEnd
 869              		.global	timestampFall
 870              		.global	timestampStart
 871              		.global	overflowCounter
 872              		.global	state
 873              		.global	compareRegisterValue
 874              		.section	.bss.compareRegisterValue,"aw",%nobits
 875              		.align	2
 876              		.set	.LANCHOR0,. + 0
 879              	compareRegisterValue:
 880 0000 00000000 		.space	4
 881              		.section	.bss.frequency,"aw",%nobits
 882              		.align	2
 883              		.set	.LANCHOR5,. + 0
 886              	frequency:
 887 0000 00000000 		.space	4
 888              		.section	.bss.overflowCounter,"aw",%nobits
 889              		.align	2
 890              		.set	.LANCHOR1,. + 0
ARM GAS  C:\Users\VD1800~1\AppData\Local\Temp\ccI1hglU.s 			page 16


 893              	overflowCounter:
 894 0000 00000000 		.space	4
 895              		.section	.bss.state,"aw",%nobits
 896              		.set	.LANCHOR6,. + 0
 899              	state:
 900 0000 00       		.space	1
 901              		.section	.bss.tekuca,"aw",%nobits
 902              		.align	2
 903              		.set	.LANCHOR2,. + 0
 906              	tekuca:
 907 0000 00000000 		.space	4
 908              		.section	.bss.ticksElapsedActive,"aw",%nobits
 909              		.align	2
 910              		.set	.LANCHOR9,. + 0
 913              	ticksElapsedActive:
 914 0000 00000000 		.space	4
 915              		.section	.bss.ticksElapsedPeriod,"aw",%nobits
 916              		.align	2
 917              		.set	.LANCHOR11,. + 0
 920              	ticksElapsedPeriod:
 921 0000 00000000 		.space	4
 922              		.section	.bss.timestampEnd,"aw",%nobits
 923              		.align	1
 924              		.set	.LANCHOR10,. + 0
 927              	timestampEnd:
 928 0000 0000     		.space	2
 929              		.section	.bss.timestampFall,"aw",%nobits
 930              		.align	1
 931              		.set	.LANCHOR8,. + 0
 934              	timestampFall:
 935 0000 0000     		.space	2
 936              		.section	.bss.timestampStart,"aw",%nobits
 937              		.align	1
 938              		.set	.LANCHOR7,. + 0
 941              	timestampStart:
 942 0000 0000     		.space	2
 943              		.section	.data.cifre,"aw"
 944              		.align	2
 945              		.set	.LANCHOR3,. + 0
 948              	cifre:
 949 0000 01020304 		.ascii	"\001\002\003\004"
 950              		.section	.data.seven_seg,"aw"
 951              		.align	2
 952              		.set	.LANCHOR4,. + 0
 955              	seven_seg:
 956 0000 81CF9286 		.ascii	"\201\317\222\206\314\244\240\217\200\204"
 956      CCA4A08F 
 956      8084
 957              		.text
 958              	.Letext0:
 959              		.file 2 "../c:\\users\\vd180005d\\desktop\\mips\\gnu mcu\\arm-none-eabi-gcc-10.2.1-1.1\\arm-none-e
 960              		.file 3 "../c:\\users\\vd180005d\\desktop\\mips\\gnu mcu\\arm-none-eabi-gcc-10.2.1-1.1\\arm-none-e
 961              		.file 4 "../Drivers/CMSIS/Device/ST/STM32F1xx/Include/stm32f103x6.h"
 962              		.file 5 "../Drivers/STM32F1xx_HAL_Driver/Inc/stm32f1xx_hal_def.h"
 963              		.file 6 "../Drivers/STM32F1xx_HAL_Driver/Inc/stm32f1xx_hal_dma.h"
 964              		.file 7 "../Drivers/STM32F1xx_HAL_Driver/Inc/stm32f1xx_hal_tim.h"
 965              		.file 8 "../Core/Inc/tim.h"
ARM GAS  C:\Users\VD1800~1\AppData\Local\Temp\ccI1hglU.s 			page 17


 966              		.file 9 "../Drivers/STM32F1xx_HAL_Driver/Inc/stm32f1xx_hal_gpio.h"
 967              		.file 10 "../Drivers/STM32F1xx_HAL_Driver/Inc/stm32f1xx_hal.h"
ARM GAS  C:\Users\VD1800~1\AppData\Local\Temp\ccI1hglU.s 			page 18


DEFINED SYMBOLS
                            *ABS*:0000000000000000 stm32f1xx_it.c
C:\Users\VD1800~1\AppData\Local\Temp\ccI1hglU.s:16     .text.NMI_Handler:0000000000000000 $t
C:\Users\VD1800~1\AppData\Local\Temp\ccI1hglU.s:24     .text.NMI_Handler:0000000000000000 NMI_Handler
C:\Users\VD1800~1\AppData\Local\Temp\ccI1hglU.s:42     .text.HardFault_Handler:0000000000000000 $t
C:\Users\VD1800~1\AppData\Local\Temp\ccI1hglU.s:49     .text.HardFault_Handler:0000000000000000 HardFault_Handler
C:\Users\VD1800~1\AppData\Local\Temp\ccI1hglU.s:66     .text.MemManage_Handler:0000000000000000 $t
C:\Users\VD1800~1\AppData\Local\Temp\ccI1hglU.s:73     .text.MemManage_Handler:0000000000000000 MemManage_Handler
C:\Users\VD1800~1\AppData\Local\Temp\ccI1hglU.s:90     .text.BusFault_Handler:0000000000000000 $t
C:\Users\VD1800~1\AppData\Local\Temp\ccI1hglU.s:97     .text.BusFault_Handler:0000000000000000 BusFault_Handler
C:\Users\VD1800~1\AppData\Local\Temp\ccI1hglU.s:114    .text.UsageFault_Handler:0000000000000000 $t
C:\Users\VD1800~1\AppData\Local\Temp\ccI1hglU.s:121    .text.UsageFault_Handler:0000000000000000 UsageFault_Handler
C:\Users\VD1800~1\AppData\Local\Temp\ccI1hglU.s:138    .text.SVC_Handler:0000000000000000 $t
C:\Users\VD1800~1\AppData\Local\Temp\ccI1hglU.s:145    .text.SVC_Handler:0000000000000000 SVC_Handler
C:\Users\VD1800~1\AppData\Local\Temp\ccI1hglU.s:158    .text.DebugMon_Handler:0000000000000000 $t
C:\Users\VD1800~1\AppData\Local\Temp\ccI1hglU.s:165    .text.DebugMon_Handler:0000000000000000 DebugMon_Handler
C:\Users\VD1800~1\AppData\Local\Temp\ccI1hglU.s:178    .text.PendSV_Handler:0000000000000000 $t
C:\Users\VD1800~1\AppData\Local\Temp\ccI1hglU.s:185    .text.PendSV_Handler:0000000000000000 PendSV_Handler
C:\Users\VD1800~1\AppData\Local\Temp\ccI1hglU.s:198    .text.SysTick_Handler:0000000000000000 $t
C:\Users\VD1800~1\AppData\Local\Temp\ccI1hglU.s:205    .text.SysTick_Handler:0000000000000000 SysTick_Handler
C:\Users\VD1800~1\AppData\Local\Temp\ccI1hglU.s:225    .text.EXTI0_IRQHandler:0000000000000000 $t
C:\Users\VD1800~1\AppData\Local\Temp\ccI1hglU.s:232    .text.EXTI0_IRQHandler:0000000000000000 EXTI0_IRQHandler
C:\Users\VD1800~1\AppData\Local\Temp\ccI1hglU.s:253    .text.EXTI2_IRQHandler:0000000000000000 $t
C:\Users\VD1800~1\AppData\Local\Temp\ccI1hglU.s:260    .text.EXTI2_IRQHandler:0000000000000000 EXTI2_IRQHandler
C:\Users\VD1800~1\AppData\Local\Temp\ccI1hglU.s:281    .text.TIM1_UP_IRQHandler:0000000000000000 $t
C:\Users\VD1800~1\AppData\Local\Temp\ccI1hglU.s:288    .text.TIM1_UP_IRQHandler:0000000000000000 TIM1_UP_IRQHandler
C:\Users\VD1800~1\AppData\Local\Temp\ccI1hglU.s:308    .text.TIM1_UP_IRQHandler:000000000000000c $d
C:\Users\VD1800~1\AppData\Local\Temp\ccI1hglU.s:313    .text.TIM3_IRQHandler:0000000000000000 $t
C:\Users\VD1800~1\AppData\Local\Temp\ccI1hglU.s:320    .text.TIM3_IRQHandler:0000000000000000 TIM3_IRQHandler
C:\Users\VD1800~1\AppData\Local\Temp\ccI1hglU.s:340    .text.TIM3_IRQHandler:000000000000000c $d
C:\Users\VD1800~1\AppData\Local\Temp\ccI1hglU.s:345    .text.HAL_GPIO_EXTI_Callback:0000000000000000 $t
C:\Users\VD1800~1\AppData\Local\Temp\ccI1hglU.s:352    .text.HAL_GPIO_EXTI_Callback:0000000000000000 HAL_GPIO_EXTI_Callback
C:\Users\VD1800~1\AppData\Local\Temp\ccI1hglU.s:443    .text.HAL_GPIO_EXTI_Callback:0000000000000054 $d
C:\Users\VD1800~1\AppData\Local\Temp\ccI1hglU.s:450    .text.HAL_TIM_PeriodElapsedCallback:0000000000000000 $t
C:\Users\VD1800~1\AppData\Local\Temp\ccI1hglU.s:457    .text.HAL_TIM_PeriodElapsedCallback:0000000000000000 HAL_TIM_PeriodElapsedCallback
C:\Users\VD1800~1\AppData\Local\Temp\ccI1hglU.s:656    .text.HAL_TIM_PeriodElapsedCallback:00000000000000f4 $d
C:\Users\VD1800~1\AppData\Local\Temp\ccI1hglU.s:670    .text.HAL_TIM_IC_CaptureCallback:0000000000000000 $t
C:\Users\VD1800~1\AppData\Local\Temp\ccI1hglU.s:677    .text.HAL_TIM_IC_CaptureCallback:0000000000000000 HAL_TIM_IC_CaptureCallback
C:\Users\VD1800~1\AppData\Local\Temp\ccI1hglU.s:849    .text.HAL_TIM_IC_CaptureCallback:00000000000000c4 $d
C:\Users\VD1800~1\AppData\Local\Temp\ccI1hglU.s:955    .data.seven_seg:0000000000000000 seven_seg
C:\Users\VD1800~1\AppData\Local\Temp\ccI1hglU.s:948    .data.cifre:0000000000000000 cifre
C:\Users\VD1800~1\AppData\Local\Temp\ccI1hglU.s:906    .bss.tekuca:0000000000000000 tekuca
C:\Users\VD1800~1\AppData\Local\Temp\ccI1hglU.s:886    .bss.frequency:0000000000000000 frequency
C:\Users\VD1800~1\AppData\Local\Temp\ccI1hglU.s:920    .bss.ticksElapsedPeriod:0000000000000000 ticksElapsedPeriod
C:\Users\VD1800~1\AppData\Local\Temp\ccI1hglU.s:913    .bss.ticksElapsedActive:0000000000000000 ticksElapsedActive
C:\Users\VD1800~1\AppData\Local\Temp\ccI1hglU.s:927    .bss.timestampEnd:0000000000000000 timestampEnd
C:\Users\VD1800~1\AppData\Local\Temp\ccI1hglU.s:934    .bss.timestampFall:0000000000000000 timestampFall
C:\Users\VD1800~1\AppData\Local\Temp\ccI1hglU.s:941    .bss.timestampStart:0000000000000000 timestampStart
C:\Users\VD1800~1\AppData\Local\Temp\ccI1hglU.s:893    .bss.overflowCounter:0000000000000000 overflowCounter
C:\Users\VD1800~1\AppData\Local\Temp\ccI1hglU.s:899    .bss.state:0000000000000000 state
C:\Users\VD1800~1\AppData\Local\Temp\ccI1hglU.s:879    .bss.compareRegisterValue:0000000000000000 compareRegisterValue
C:\Users\VD1800~1\AppData\Local\Temp\ccI1hglU.s:875    .bss.compareRegisterValue:0000000000000000 $d
C:\Users\VD1800~1\AppData\Local\Temp\ccI1hglU.s:882    .bss.frequency:0000000000000000 $d
C:\Users\VD1800~1\AppData\Local\Temp\ccI1hglU.s:889    .bss.overflowCounter:0000000000000000 $d
C:\Users\VD1800~1\AppData\Local\Temp\ccI1hglU.s:900    .bss.state:0000000000000000 $d
C:\Users\VD1800~1\AppData\Local\Temp\ccI1hglU.s:902    .bss.tekuca:0000000000000000 $d
C:\Users\VD1800~1\AppData\Local\Temp\ccI1hglU.s:909    .bss.ticksElapsedActive:0000000000000000 $d
ARM GAS  C:\Users\VD1800~1\AppData\Local\Temp\ccI1hglU.s 			page 19


C:\Users\VD1800~1\AppData\Local\Temp\ccI1hglU.s:916    .bss.ticksElapsedPeriod:0000000000000000 $d
C:\Users\VD1800~1\AppData\Local\Temp\ccI1hglU.s:923    .bss.timestampEnd:0000000000000000 $d
C:\Users\VD1800~1\AppData\Local\Temp\ccI1hglU.s:930    .bss.timestampFall:0000000000000000 $d
C:\Users\VD1800~1\AppData\Local\Temp\ccI1hglU.s:937    .bss.timestampStart:0000000000000000 $d
C:\Users\VD1800~1\AppData\Local\Temp\ccI1hglU.s:944    .data.cifre:0000000000000000 $d
C:\Users\VD1800~1\AppData\Local\Temp\ccI1hglU.s:951    .data.seven_seg:0000000000000000 $d

UNDEFINED SYMBOLS
HAL_IncTick
HAL_GPIO_EXTI_IRQHandler
HAL_TIM_IRQHandler
htim1
htim3
HAL_GPIO_TogglePin
HAL_TIM_ReadCapturedValue
