ARM GAS  C:\Users\VD1800~1\AppData\Local\Temp\ccX9hVoD.s 			page 1


   1              		.cpu cortex-m3
   2              		.eabi_attribute 20, 1
   3              		.eabi_attribute 21, 1
   4              		.eabi_attribute 23, 3
   5              		.eabi_attribute 24, 1
   6              		.eabi_attribute 25, 1
   7              		.eabi_attribute 26, 1
   8              		.eabi_attribute 30, 1
   9              		.eabi_attribute 34, 1
  10              		.eabi_attribute 18, 4
  11              		.file	"stm32f1xx_hal_rcc_ex.c"
  12              		.text
  13              	.Ltext0:
  14              		.cfi_sections	.debug_frame
  15              		.section	.text.HAL_RCCEx_PeriphCLKConfig,"ax",%progbits
  16              		.align	1
  17              		.global	HAL_RCCEx_PeriphCLKConfig
  18              		.arch armv7-m
  19              		.syntax unified
  20              		.thumb
  21              		.thumb_func
  22              		.fpu softvfp
  24              	HAL_RCCEx_PeriphCLKConfig:
  25              	.LVL0:
  26              	.LFB65:
  27              		.file 1 "../Drivers/STM32F1xx_HAL_Driver/Src/stm32f1xx_hal_rcc_ex.c"
   1:../Drivers/STM32F1xx_HAL_Driver/Src/stm32f1xx_hal_rcc_ex.c **** 
  28              		.loc 1 101 1 view -0
  29              		.cfi_startproc
  30              		@ args = 0, pretend = 0, frame = 8
  31              		@ frame_needed = 0, uses_anonymous_args = 0
  32              		.loc 1 101 1 is_stmt 0 view .LVU1
  33 0000 70B5     		push	{r4, r5, r6, lr}
  34              	.LCFI0:
  35              		.cfi_def_cfa_offset 16
  36              		.cfi_offset 4, -16
  37              		.cfi_offset 5, -12
  38              		.cfi_offset 6, -8
  39              		.cfi_offset 14, -4
  40 0002 82B0     		sub	sp, sp, #8
  41              	.LCFI1:
  42              		.cfi_def_cfa_offset 24
  43 0004 0446     		mov	r4, r0
  44              		.loc 1 102 3 is_stmt 1 view .LVU2
  45              	.LVL1:
  46              		.loc 1 108 3 view .LVU3
  47              		.loc 1 111 3 view .LVU4
  48              		.loc 1 111 23 is_stmt 0 view .LVU5
  49 0006 0368     		ldr	r3, [r0]
  50              		.loc 1 111 6 view .LVU6
  51 0008 13F0010F 		tst	r3, #1
  52 000c 36D0     		beq	.L2
  53              	.LBB2:
  54              		.loc 1 113 5 is_stmt 1 view .LVU7
  55              	.LVL2:
  56              		.loc 1 116 5 view .LVU8
  57              		.loc 1 121 5 view .LVU9
ARM GAS  C:\Users\VD1800~1\AppData\Local\Temp\ccX9hVoD.s 			page 2


  58              		.loc 1 121 9 is_stmt 0 view .LVU10
  59 000e 3F4B     		ldr	r3, .L20
  60 0010 DB69     		ldr	r3, [r3, #28]
  61              		.loc 1 121 8 view .LVU11
  62 0012 13F0805F 		tst	r3, #268435456
  63 0016 49D1     		bne	.L12
  64              		.loc 1 123 7 is_stmt 1 view .LVU12
  65              	.LBB3:
  66              		.loc 1 123 7 view .LVU13
  67              		.loc 1 123 7 view .LVU14
  68 0018 3C4B     		ldr	r3, .L20
  69 001a DA69     		ldr	r2, [r3, #28]
  70 001c 42F08052 		orr	r2, r2, #268435456
  71 0020 DA61     		str	r2, [r3, #28]
  72              		.loc 1 123 7 view .LVU15
  73 0022 DB69     		ldr	r3, [r3, #28]
  74 0024 03F08053 		and	r3, r3, #268435456
  75 0028 0193     		str	r3, [sp, #4]
  76              		.loc 1 123 7 view .LVU16
  77 002a 019B     		ldr	r3, [sp, #4]
  78              	.LBE3:
  79              		.loc 1 123 7 view .LVU17
  80              		.loc 1 124 7 view .LVU18
  81              	.LVL3:
  82              		.loc 1 124 21 is_stmt 0 view .LVU19
  83 002c 0125     		movs	r5, #1
  84              	.LVL4:
  85              	.L3:
  86              		.loc 1 127 5 is_stmt 1 view .LVU20
  87              		.loc 1 127 9 is_stmt 0 view .LVU21
  88 002e 384B     		ldr	r3, .L20+4
  89 0030 1B68     		ldr	r3, [r3]
  90              		.loc 1 127 8 view .LVU22
  91 0032 13F4807F 		tst	r3, #256
  92 0036 3BD0     		beq	.L17
  93              	.LVL5:
  94              	.L4:
  95              		.loc 1 145 5 is_stmt 1 view .LVU23
  96              		.loc 1 145 20 is_stmt 0 view .LVU24
  97 0038 344B     		ldr	r3, .L20
  98 003a 1B6A     		ldr	r3, [r3, #32]
  99              	.LVL6:
 100              		.loc 1 146 5 is_stmt 1 view .LVU25
 101              		.loc 1 146 8 is_stmt 0 view .LVU26
 102 003c 13F44073 		ands	r3, r3, #768
 103              	.LVL7:
 104              		.loc 1 146 8 view .LVU27
 105 0040 13D0     		beq	.L8
 106              		.loc 1 146 65 discriminator 1 view .LVU28
 107 0042 6268     		ldr	r2, [r4, #4]
 108              		.loc 1 146 85 discriminator 1 view .LVU29
 109 0044 02F44072 		and	r2, r2, #768
 110              		.loc 1 146 35 discriminator 1 view .LVU30
 111 0048 9A42     		cmp	r2, r3
 112 004a 0ED0     		beq	.L8
 113              		.loc 1 149 7 is_stmt 1 view .LVU31
 114              		.loc 1 149 22 is_stmt 0 view .LVU32
ARM GAS  C:\Users\VD1800~1\AppData\Local\Temp\ccX9hVoD.s 			page 3


 115 004c 2F4A     		ldr	r2, .L20
 116 004e 136A     		ldr	r3, [r2, #32]
 117              	.LVL8:
 118              		.loc 1 149 16 view .LVU33
 119 0050 23F44070 		bic	r0, r3, #768
 120              	.LVL9:
 121              		.loc 1 151 7 is_stmt 1 view .LVU34
 122 0054 2F49     		ldr	r1, .L20+8
 123 0056 0126     		movs	r6, #1
 124 0058 C1F84064 		str	r6, [r1, #1088]
 125              		.loc 1 152 7 view .LVU35
 126 005c 0026     		movs	r6, #0
 127 005e C1F84064 		str	r6, [r1, #1088]
 128              		.loc 1 154 7 view .LVU36
 129              		.loc 1 154 17 is_stmt 0 view .LVU37
 130 0062 1062     		str	r0, [r2, #32]
 131              		.loc 1 157 7 is_stmt 1 view .LVU38
 132              		.loc 1 157 10 is_stmt 0 view .LVU39
 133 0064 13F0010F 		tst	r3, #1
 134 0068 36D1     		bne	.L18
 135              	.LVL10:
 136              	.L8:
 137              		.loc 1 172 5 is_stmt 1 view .LVU40
 138 006a 284A     		ldr	r2, .L20
 139 006c 136A     		ldr	r3, [r2, #32]
 140 006e 23F44073 		bic	r3, r3, #768
 141 0072 6168     		ldr	r1, [r4, #4]
 142 0074 0B43     		orrs	r3, r3, r1
 143 0076 1362     		str	r3, [r2, #32]
 144              		.loc 1 175 5 view .LVU41
 145              		.loc 1 175 8 is_stmt 0 view .LVU42
 146 0078 002D     		cmp	r5, #0
 147 007a 3ED1     		bne	.L19
 148              	.LVL11:
 149              	.L2:
 150              		.loc 1 175 8 view .LVU43
 151              	.LBE2:
 152              		.loc 1 182 3 is_stmt 1 view .LVU44
 153              		.loc 1 182 22 is_stmt 0 view .LVU45
 154 007c 2368     		ldr	r3, [r4]
 155              		.loc 1 182 6 view .LVU46
 156 007e 13F0020F 		tst	r3, #2
 157 0082 06D0     		beq	.L11
 158              		.loc 1 185 5 is_stmt 1 view .LVU47
 159              		.loc 1 188 5 view .LVU48
 160 0084 214A     		ldr	r2, .L20
 161 0086 5368     		ldr	r3, [r2, #4]
 162 0088 23F44043 		bic	r3, r3, #49152
 163 008c A168     		ldr	r1, [r4, #8]
 164 008e 0B43     		orrs	r3, r3, r1
 165 0090 5360     		str	r3, [r2, #4]
 166              	.L11:
 167              		.loc 1 274 3 view .LVU49
 168              		.loc 1 274 22 is_stmt 0 view .LVU50
 169 0092 2368     		ldr	r3, [r4]
 170              		.loc 1 274 6 view .LVU51
 171 0094 13F0100F 		tst	r3, #16
ARM GAS  C:\Users\VD1800~1\AppData\Local\Temp\ccX9hVoD.s 			page 4


 172 0098 34D0     		beq	.L15
 173              		.loc 1 277 5 is_stmt 1 view .LVU52
 174              		.loc 1 280 5 view .LVU53
 175 009a 1C4A     		ldr	r2, .L20
 176 009c 5368     		ldr	r3, [r2, #4]
 177 009e 23F48003 		bic	r3, r3, #4194304
 178 00a2 E168     		ldr	r1, [r4, #12]
 179 00a4 0B43     		orrs	r3, r3, r1
 180 00a6 5360     		str	r3, [r2, #4]
 181              		.loc 1 284 10 is_stmt 0 view .LVU54
 182 00a8 0020     		movs	r0, #0
 183 00aa 2CE0     		b	.L6
 184              	.LVL12:
 185              	.L12:
 186              	.LBB4:
 187              		.loc 1 113 16 view .LVU55
 188 00ac 0025     		movs	r5, #0
 189 00ae BEE7     		b	.L3
 190              	.LVL13:
 191              	.L17:
 192              		.loc 1 130 7 is_stmt 1 view .LVU56
 193 00b0 174A     		ldr	r2, .L20+4
 194 00b2 1368     		ldr	r3, [r2]
 195 00b4 43F48073 		orr	r3, r3, #256
 196 00b8 1360     		str	r3, [r2]
 197              		.loc 1 133 7 view .LVU57
 198              		.loc 1 133 19 is_stmt 0 view .LVU58
 199 00ba FFF7FEFF 		bl	HAL_GetTick
 200              	.LVL14:
 201              		.loc 1 133 19 view .LVU59
 202 00be 0646     		mov	r6, r0
 203              	.LVL15:
 204              		.loc 1 135 7 is_stmt 1 view .LVU60
 205              	.L5:
 206              		.loc 1 135 13 view .LVU61
 207              		.loc 1 135 14 is_stmt 0 view .LVU62
 208 00c0 134B     		ldr	r3, .L20+4
 209 00c2 1B68     		ldr	r3, [r3]
 210              		.loc 1 135 13 view .LVU63
 211 00c4 13F4807F 		tst	r3, #256
 212 00c8 B6D1     		bne	.L4
 213              		.loc 1 137 9 is_stmt 1 view .LVU64
 214              		.loc 1 137 14 is_stmt 0 view .LVU65
 215 00ca FFF7FEFF 		bl	HAL_GetTick
 216              	.LVL16:
 217              		.loc 1 137 28 view .LVU66
 218 00ce 801B     		subs	r0, r0, r6
 219              		.loc 1 137 12 view .LVU67
 220 00d0 6428     		cmp	r0, #100
 221 00d2 F5D9     		bls	.L5
 222              		.loc 1 139 18 view .LVU68
 223 00d4 0320     		movs	r0, #3
 224 00d6 16E0     		b	.L6
 225              	.LVL17:
 226              	.L18:
 227              		.loc 1 160 9 is_stmt 1 view .LVU69
 228              		.loc 1 160 21 is_stmt 0 view .LVU70
ARM GAS  C:\Users\VD1800~1\AppData\Local\Temp\ccX9hVoD.s 			page 5


 229 00d8 FFF7FEFF 		bl	HAL_GetTick
 230              	.LVL18:
 231              		.loc 1 160 21 view .LVU71
 232 00dc 0646     		mov	r6, r0
 233              	.LVL19:
 234              		.loc 1 163 9 is_stmt 1 view .LVU72
 235              	.L9:
 236              		.loc 1 163 15 view .LVU73
 237              		.loc 1 163 16 is_stmt 0 view .LVU74
 238 00de 0B4B     		ldr	r3, .L20
 239 00e0 1B6A     		ldr	r3, [r3, #32]
 240              		.loc 1 163 15 view .LVU75
 241 00e2 13F0020F 		tst	r3, #2
 242 00e6 C0D1     		bne	.L8
 243              		.loc 1 165 11 is_stmt 1 view .LVU76
 244              		.loc 1 165 16 is_stmt 0 view .LVU77
 245 00e8 FFF7FEFF 		bl	HAL_GetTick
 246              	.LVL20:
 247              		.loc 1 165 30 view .LVU78
 248 00ec 801B     		subs	r0, r0, r6
 249              		.loc 1 165 14 view .LVU79
 250 00ee 41F28833 		movw	r3, #5000
 251 00f2 9842     		cmp	r0, r3
 252 00f4 F3D9     		bls	.L9
 253              		.loc 1 167 20 view .LVU80
 254 00f6 0320     		movs	r0, #3
 255 00f8 05E0     		b	.L6
 256              	.LVL21:
 257              	.L19:
 258              		.loc 1 177 7 is_stmt 1 view .LVU81
 259 00fa D369     		ldr	r3, [r2, #28]
 260 00fc 23F08053 		bic	r3, r3, #268435456
 261 0100 D361     		str	r3, [r2, #28]
 262 0102 BBE7     		b	.L2
 263              	.LVL22:
 264              	.L15:
 265              		.loc 1 177 7 is_stmt 0 view .LVU82
 266              	.LBE4:
 267              		.loc 1 284 10 view .LVU83
 268 0104 0020     		movs	r0, #0
 269              	.L6:
 270              		.loc 1 285 1 view .LVU84
 271 0106 02B0     		add	sp, sp, #8
 272              	.LCFI2:
 273              		.cfi_def_cfa_offset 16
 274              		@ sp needed
 275 0108 70BD     		pop	{r4, r5, r6, pc}
 276              	.LVL23:
 277              	.L21:
 278              		.loc 1 285 1 view .LVU85
 279 010a 00BF     		.align	2
 280              	.L20:
 281 010c 00100240 		.word	1073876992
 282 0110 00700040 		.word	1073770496
 283 0114 00004242 		.word	1111621632
 284              		.cfi_endproc
 285              	.LFE65:
ARM GAS  C:\Users\VD1800~1\AppData\Local\Temp\ccX9hVoD.s 			page 6


 287              		.section	.text.HAL_RCCEx_GetPeriphCLKConfig,"ax",%progbits
 288              		.align	1
 289              		.global	HAL_RCCEx_GetPeriphCLKConfig
 290              		.syntax unified
 291              		.thumb
 292              		.thumb_func
 293              		.fpu softvfp
 295              	HAL_RCCEx_GetPeriphCLKConfig:
 296              	.LVL24:
 297              	.LFB66:
 298              		.loc 1 295 1 is_stmt 1 view -0
 299              		.cfi_startproc
 300              		@ args = 0, pretend = 0, frame = 0
 301              		@ frame_needed = 0, uses_anonymous_args = 0
 302              		@ link register save eliminated.
 303              		.loc 1 296 3 view .LVU87
 304              		.loc 1 299 3 view .LVU88
 305              		.loc 1 299 39 is_stmt 0 view .LVU89
 306 0000 0123     		movs	r3, #1
 307 0002 0360     		str	r3, [r0]
 308              		.loc 1 302 3 is_stmt 1 view .LVU90
 309              		.loc 1 302 12 is_stmt 0 view .LVU91
 310 0004 084B     		ldr	r3, .L23
 311 0006 1A6A     		ldr	r2, [r3, #32]
 312              		.loc 1 302 10 view .LVU92
 313 0008 02F44072 		and	r2, r2, #768
 314              	.LVL25:
 315              		.loc 1 304 3 is_stmt 1 view .LVU93
 316              		.loc 1 304 36 is_stmt 0 view .LVU94
 317 000c 4260     		str	r2, [r0, #4]
 318              		.loc 1 307 3 is_stmt 1 view .LVU95
 319              		.loc 1 307 39 is_stmt 0 view .LVU96
 320 000e 0322     		movs	r2, #3
 321              	.LVL26:
 322              		.loc 1 307 39 view .LVU97
 323 0010 0260     		str	r2, [r0]
 324              		.loc 1 308 3 is_stmt 1 view .LVU98
 325              		.loc 1 308 38 is_stmt 0 view .LVU99
 326 0012 5A68     		ldr	r2, [r3, #4]
 327 0014 02F44042 		and	r2, r2, #49152
 328              		.loc 1 308 36 view .LVU100
 329 0018 8260     		str	r2, [r0, #8]
 330              		.loc 1 336 3 is_stmt 1 view .LVU101
 331              		.loc 1 336 39 is_stmt 0 view .LVU102
 332 001a 1322     		movs	r2, #19
 333 001c 0260     		str	r2, [r0]
 334              		.loc 1 337 3 is_stmt 1 view .LVU103
 335              		.loc 1 337 38 is_stmt 0 view .LVU104
 336 001e 5B68     		ldr	r3, [r3, #4]
 337 0020 03F48003 		and	r3, r3, #4194304
 338              		.loc 1 337 36 view .LVU105
 339 0024 C360     		str	r3, [r0, #12]
 340              		.loc 1 339 1 view .LVU106
 341 0026 7047     		bx	lr
 342              	.L24:
 343              		.align	2
 344              	.L23:
ARM GAS  C:\Users\VD1800~1\AppData\Local\Temp\ccX9hVoD.s 			page 7


 345 0028 00100240 		.word	1073876992
 346              		.cfi_endproc
 347              	.LFE66:
 349              		.section	.rodata.HAL_RCCEx_GetPeriphCLKFreq.str1.4,"aMS",%progbits,1
 350              		.align	2
 351              	.LC0:
 352 0000 02030405 		.ascii	"\002\003\004\005\006\007\010\011\012\013\014\015\016"
 352      06070809 
 352      0A0B0C0D 
 352      0E
 353 000d 0F101000 		.ascii	"\017\020\020\000"
 354              		.section	.text.HAL_RCCEx_GetPeriphCLKFreq,"ax",%progbits
 355              		.align	1
 356              		.global	HAL_RCCEx_GetPeriphCLKFreq
 357              		.syntax unified
 358              		.thumb
 359              		.thumb_func
 360              		.fpu softvfp
 362              	HAL_RCCEx_GetPeriphCLKFreq:
 363              	.LVL27:
 364              	.LFB67:
 365              		.loc 1 388 1 is_stmt 1 view -0
 366              		.cfi_startproc
 367              		@ args = 0, pretend = 0, frame = 24
 368              		@ frame_needed = 0, uses_anonymous_args = 0
 369              		.loc 1 388 1 is_stmt 0 view .LVU108
 370 0000 00B5     		push	{lr}
 371              	.LCFI3:
 372              		.cfi_def_cfa_offset 4
 373              		.cfi_offset 14, -4
 374 0002 87B0     		sub	sp, sp, #28
 375              	.LCFI4:
 376              		.cfi_def_cfa_offset 32
 377 0004 8446     		mov	ip, r0
 378              		.loc 1 398 3 is_stmt 1 view .LVU109
 379              		.loc 1 398 17 is_stmt 0 view .LVU110
 380 0006 384B     		ldr	r3, .L40
 381 0008 0FCB     		ldm	r3, {r0, r1, r2, r3}
 382              	.LVL28:
 383              		.loc 1 398 17 view .LVU111
 384 000a 0DF1180E 		add	lr, sp, #24
 385 000e 0EE90F00 		stmdb	lr, {r0, r1, r2, r3}
 386              		.loc 1 399 3 is_stmt 1 view .LVU112
 387              		.loc 1 399 17 is_stmt 0 view .LVU113
 388 0012 40F20123 		movw	r3, #513
 389 0016 ADF80430 		strh	r3, [sp, #4]	@ movhi
 390              		.loc 1 401 3 is_stmt 1 view .LVU114
 391              	.LVL29:
 392              		.loc 1 403 3 view .LVU115
 393              		.loc 1 406 3 view .LVU116
 394              		.loc 1 408 3 view .LVU117
 395 001a BCF1020F 		cmp	ip, #2
 396 001e 55D0     		beq	.L26
 397 0020 BCF1100F 		cmp	ip, #16
 398 0024 06D0     		beq	.L27
 399 0026 BCF1010F 		cmp	ip, #1
 400 002a 2DD0     		beq	.L28
ARM GAS  C:\Users\VD1800~1\AppData\Local\Temp\ccX9hVoD.s 			page 8


 401 002c 0020     		movs	r0, #0
 402              	.LVL30:
 403              	.L25:
 404              		.loc 1 585 1 is_stmt 0 view .LVU118
 405 002e 07B0     		add	sp, sp, #28
 406              	.LCFI5:
 407              		.cfi_remember_state
 408              		.cfi_def_cfa_offset 4
 409              		@ sp needed
 410 0030 5DF804FB 		ldr	pc, [sp], #4
 411              	.LVL31:
 412              	.L27:
 413              	.LCFI6:
 414              		.cfi_restore_state
 415              		.loc 1 416 7 is_stmt 1 view .LVU119
 416              		.loc 1 416 16 is_stmt 0 view .LVU120
 417 0034 2D4B     		ldr	r3, .L40+4
 418 0036 5A68     		ldr	r2, [r3, #4]
 419              	.LVL32:
 420              		.loc 1 419 7 is_stmt 1 view .LVU121
 421              		.loc 1 419 11 is_stmt 0 view .LVU122
 422 0038 1868     		ldr	r0, [r3]
 423              		.loc 1 419 10 view .LVU123
 424 003a 10F08070 		ands	r0, r0, #16777216
 425 003e F6D0     		beq	.L25
 426              		.loc 1 421 9 is_stmt 1 view .LVU124
 427              		.loc 1 421 77 is_stmt 0 view .LVU125
 428 0040 C2F38343 		ubfx	r3, r2, #18, #4
 429              		.loc 1 421 36 view .LVU126
 430 0044 06A9     		add	r1, sp, #24
 431 0046 0B44     		add	r3, r3, r1
 432 0048 13F8100C 		ldrb	r0, [r3, #-16]	@ zero_extendqisi2
 433              	.LVL33:
 434              		.loc 1 422 9 is_stmt 1 view .LVU127
 435              		.loc 1 422 12 is_stmt 0 view .LVU128
 436 004c 12F4803F 		tst	r2, #65536
 437 0050 16D0     		beq	.L30
 438              		.loc 1 428 11 is_stmt 1 view .LVU129
 439              		.loc 1 428 54 is_stmt 0 view .LVU130
 440 0052 264B     		ldr	r3, .L40+4
 441 0054 5B68     		ldr	r3, [r3, #4]
 442              		.loc 1 428 82 view .LVU131
 443 0056 C3F34043 		ubfx	r3, r3, #17, #1
 444              		.loc 1 428 39 view .LVU132
 445 005a 0B44     		add	r3, r3, r1
 446 005c 13F8142C 		ldrb	r2, [r3, #-20]	@ zero_extendqisi2
 447              	.LVL34:
 448              		.loc 1 453 11 is_stmt 1 view .LVU133
 449              		.loc 1 456 13 view .LVU134
 450              		.loc 1 456 44 is_stmt 0 view .LVU135
 451 0060 234B     		ldr	r3, .L40+8
 452 0062 B3FBF2F3 		udiv	r3, r3, r2
 453              		.loc 1 456 20 view .LVU136
 454 0066 03FB00F0 		mul	r0, r3, r0
 455              	.LVL35:
 456              	.L31:
 457              		.loc 1 481 9 is_stmt 1 view .LVU137
ARM GAS  C:\Users\VD1800~1\AppData\Local\Temp\ccX9hVoD.s 			page 9


 458              		.loc 1 481 13 is_stmt 0 view .LVU138
 459 006a 204B     		ldr	r3, .L40+4
 460 006c 5B68     		ldr	r3, [r3, #4]
 461              		.loc 1 481 12 view .LVU139
 462 006e 13F4800F 		tst	r3, #4194304
 463 0072 DCD1     		bne	.L25
 464              		.loc 1 489 11 is_stmt 1 view .LVU140
 465              		.loc 1 489 31 is_stmt 0 view .LVU141
 466 0074 4000     		lsls	r0, r0, #1
 467              	.LVL36:
 468              		.loc 1 489 21 view .LVU142
 469 0076 1F4B     		ldr	r3, .L40+12
 470 0078 A3FB0030 		umull	r3, r0, r3, r0
 471 007c 4008     		lsrs	r0, r0, #1
 472              	.LVL37:
 473              		.loc 1 489 21 view .LVU143
 474 007e D6E7     		b	.L25
 475              	.LVL38:
 476              	.L30:
 477              		.loc 1 463 11 is_stmt 1 view .LVU144
 478              		.loc 1 463 18 is_stmt 0 view .LVU145
 479 0080 1D4B     		ldr	r3, .L40+16
 480 0082 03FB00F0 		mul	r0, r3, r0
 481              	.LVL39:
 482              		.loc 1 463 18 view .LVU146
 483 0086 F0E7     		b	.L31
 484              	.LVL40:
 485              	.L28:
 486              		.loc 1 551 7 is_stmt 1 view .LVU147
 487              		.loc 1 551 16 is_stmt 0 view .LVU148
 488 0088 184B     		ldr	r3, .L40+4
 489 008a 1B6A     		ldr	r3, [r3, #32]
 490              	.LVL41:
 491              		.loc 1 554 7 is_stmt 1 view .LVU149
 492              		.loc 1 554 66 is_stmt 0 view .LVU150
 493 008c 40F20232 		movw	r2, #770
 494 0090 1A40     		ands	r2, r2, r3
 495              		.loc 1 554 10 view .LVU151
 496 0092 B2F5817F 		cmp	r2, #258
 497 0096 24D0     		beq	.L33
 498              		.loc 1 559 12 is_stmt 1 view .LVU152
 499              		.loc 1 559 27 is_stmt 0 view .LVU153
 500 0098 03F44073 		and	r3, r3, #768
 501              	.LVL42:
 502              		.loc 1 559 15 view .LVU154
 503 009c B3F5007F 		cmp	r3, #512
 504 00a0 04D0     		beq	.L38
 505              	.L32:
 506              		.loc 1 563 12 is_stmt 1 view .LVU155
 507              		.loc 1 563 15 is_stmt 0 view .LVU156
 508 00a2 B3F5407F 		cmp	r3, #768
 509 00a6 09D0     		beq	.L39
 510              		.loc 1 403 27 view .LVU157
 511 00a8 0020     		movs	r0, #0
 512 00aa C0E7     		b	.L25
 513              	.L38:
 514              		.loc 1 559 75 discriminator 1 view .LVU158
ARM GAS  C:\Users\VD1800~1\AppData\Local\Temp\ccX9hVoD.s 			page 10


 515 00ac 0F4A     		ldr	r2, .L40+4
 516 00ae 526A     		ldr	r2, [r2, #36]
 517              		.loc 1 559 71 discriminator 1 view .LVU159
 518 00b0 12F0020F 		tst	r2, #2
 519 00b4 F5D0     		beq	.L32
 520              		.loc 1 561 19 view .LVU160
 521 00b6 49F64040 		movw	r0, #40000
 522 00ba B8E7     		b	.L25
 523              	.L39:
 524              		.loc 1 563 82 discriminator 1 view .LVU161
 525 00bc 0B4B     		ldr	r3, .L40+4
 526 00be 1868     		ldr	r0, [r3]
 527              		.loc 1 563 78 discriminator 1 view .LVU162
 528 00c0 10F40030 		ands	r0, r0, #131072
 529 00c4 B3D0     		beq	.L25
 530              		.loc 1 565 19 view .LVU163
 531 00c6 4FF22440 		movw	r0, #62500
 532              	.LVL43:
 533              		.loc 1 584 3 is_stmt 1 view .LVU164
 534              		.loc 1 584 10 is_stmt 0 view .LVU165
 535 00ca B0E7     		b	.L25
 536              	.LVL44:
 537              	.L26:
 538              		.loc 1 576 7 is_stmt 1 view .LVU166
 539              		.loc 1 576 19 is_stmt 0 view .LVU167
 540 00cc FFF7FEFF 		bl	HAL_RCC_GetPCLK2Freq
 541              	.LVL45:
 542              		.loc 1 576 47 view .LVU168
 543 00d0 064B     		ldr	r3, .L40+4
 544 00d2 5B68     		ldr	r3, [r3, #4]
 545              		.loc 1 576 74 view .LVU169
 546 00d4 C3F38133 		ubfx	r3, r3, #14, #2
 547              		.loc 1 576 98 view .LVU170
 548 00d8 0133     		adds	r3, r3, #1
 549              		.loc 1 576 103 view .LVU171
 550 00da 5B00     		lsls	r3, r3, #1
 551              		.loc 1 576 17 view .LVU172
 552 00dc B0FBF3F0 		udiv	r0, r0, r3
 553              	.LVL46:
 554              		.loc 1 577 7 is_stmt 1 view .LVU173
 555 00e0 A5E7     		b	.L25
 556              	.LVL47:
 557              	.L33:
 558              		.loc 1 556 19 is_stmt 0 view .LVU174
 559 00e2 4FF40040 		mov	r0, #32768
 560 00e6 A2E7     		b	.L25
 561              	.L41:
 562              		.align	2
 563              	.L40:
 564 00e8 00000000 		.word	.LC0
 565 00ec 00100240 		.word	1073876992
 566 00f0 00127A00 		.word	8000000
 567 00f4 ABAAAAAA 		.word	-1431655765
 568 00f8 00093D00 		.word	4000000
 569              		.cfi_endproc
 570              	.LFE67:
 572              		.text
ARM GAS  C:\Users\VD1800~1\AppData\Local\Temp\ccX9hVoD.s 			page 11


 573              	.Letext0:
 574              		.file 2 "../c:\\users\\vd180005d\\desktop\\mips\\gnu mcu\\arm-none-eabi-gcc-10.2.1-1.1\\arm-none-e
 575              		.file 3 "../c:\\users\\vd180005d\\desktop\\mips\\gnu mcu\\arm-none-eabi-gcc-10.2.1-1.1\\arm-none-e
 576              		.file 4 "../Drivers/CMSIS/Device/ST/STM32F1xx/Include/stm32f103x6.h"
 577              		.file 5 "../Drivers/CMSIS/Device/ST/STM32F1xx/Include/stm32f1xx.h"
 578              		.file 6 "../Drivers/STM32F1xx_HAL_Driver/Inc/stm32f1xx_hal_def.h"
 579              		.file 7 "../Drivers/STM32F1xx_HAL_Driver/Inc/stm32f1xx_hal_rcc_ex.h"
 580              		.file 8 "../Drivers/STM32F1xx_HAL_Driver/Inc/stm32f1xx_hal_rcc.h"
 581              		.file 9 "../Drivers/STM32F1xx_HAL_Driver/Inc/stm32f1xx_hal.h"
ARM GAS  C:\Users\VD1800~1\AppData\Local\Temp\ccX9hVoD.s 			page 12


DEFINED SYMBOLS
                            *ABS*:0000000000000000 stm32f1xx_hal_rcc_ex.c
C:\Users\VD1800~1\AppData\Local\Temp\ccX9hVoD.s:16     .text.HAL_RCCEx_PeriphCLKConfig:0000000000000000 $t
C:\Users\VD1800~1\AppData\Local\Temp\ccX9hVoD.s:24     .text.HAL_RCCEx_PeriphCLKConfig:0000000000000000 HAL_RCCEx_PeriphCLKConfig
C:\Users\VD1800~1\AppData\Local\Temp\ccX9hVoD.s:281    .text.HAL_RCCEx_PeriphCLKConfig:000000000000010c $d
C:\Users\VD1800~1\AppData\Local\Temp\ccX9hVoD.s:288    .text.HAL_RCCEx_GetPeriphCLKConfig:0000000000000000 $t
C:\Users\VD1800~1\AppData\Local\Temp\ccX9hVoD.s:295    .text.HAL_RCCEx_GetPeriphCLKConfig:0000000000000000 HAL_RCCEx_GetPeriphCLKConfig
C:\Users\VD1800~1\AppData\Local\Temp\ccX9hVoD.s:345    .text.HAL_RCCEx_GetPeriphCLKConfig:0000000000000028 $d
C:\Users\VD1800~1\AppData\Local\Temp\ccX9hVoD.s:350    .rodata.HAL_RCCEx_GetPeriphCLKFreq.str1.4:0000000000000000 $d
C:\Users\VD1800~1\AppData\Local\Temp\ccX9hVoD.s:355    .text.HAL_RCCEx_GetPeriphCLKFreq:0000000000000000 $t
C:\Users\VD1800~1\AppData\Local\Temp\ccX9hVoD.s:362    .text.HAL_RCCEx_GetPeriphCLKFreq:0000000000000000 HAL_RCCEx_GetPeriphCLKFreq
C:\Users\VD1800~1\AppData\Local\Temp\ccX9hVoD.s:564    .text.HAL_RCCEx_GetPeriphCLKFreq:00000000000000e8 $d

UNDEFINED SYMBOLS
HAL_GetTick
HAL_RCC_GetPCLK2Freq
