ARM GAS  C:\Users\VD1800~1\AppData\Local\Temp\ccKb1jx8.s 			page 1


   1              		.cpu cortex-m3
   2              		.eabi_attribute 20, 1
   3              		.eabi_attribute 21, 1
   4              		.eabi_attribute 23, 3
   5              		.eabi_attribute 24, 1
   6              		.eabi_attribute 25, 1
   7              		.eabi_attribute 26, 1
   8              		.eabi_attribute 30, 1
   9              		.eabi_attribute 34, 1
  10              		.eabi_attribute 18, 4
  11              		.file	"stm32f1xx_hal.c"
  12              		.text
  13              	.Ltext0:
  14              		.cfi_sections	.debug_frame
  15              		.section	.text.HAL_MspInit,"ax",%progbits
  16              		.align	1
  17              		.weak	HAL_MspInit
  18              		.arch armv7-m
  19              		.syntax unified
  20              		.thumb
  21              		.thumb_func
  22              		.fpu softvfp
  24              	HAL_MspInit:
  25              	.LFB67:
  26              		.file 1 "../Drivers/STM32F1xx_HAL_Driver/Src/stm32f1xx_hal.c"
   1:../Drivers/STM32F1xx_HAL_Driver/Src/stm32f1xx_hal.c **** 
  27              		.loc 1 201 1 view -0
  28              		.cfi_startproc
  29              		@ args = 0, pretend = 0, frame = 0
  30              		@ frame_needed = 0, uses_anonymous_args = 0
  31              		@ link register save eliminated.
  32              		.loc 1 205 1 view .LVU1
  33 0000 7047     		bx	lr
  34              		.cfi_endproc
  35              	.LFE67:
  37              		.section	.text.HAL_MspDeInit,"ax",%progbits
  38              		.align	1
  39              		.weak	HAL_MspDeInit
  40              		.syntax unified
  41              		.thumb
  42              		.thumb_func
  43              		.fpu softvfp
  45              	HAL_MspDeInit:
  46              	.LFB68:
  47              		.loc 1 212 1 view -0
  48              		.cfi_startproc
  49              		@ args = 0, pretend = 0, frame = 0
  50              		@ frame_needed = 0, uses_anonymous_args = 0
  51              		@ link register save eliminated.
  52              		.loc 1 216 1 view .LVU3
  53 0000 7047     		bx	lr
  54              		.cfi_endproc
  55              	.LFE68:
  57              		.section	.text.HAL_DeInit,"ax",%progbits
  58              		.align	1
  59              		.global	HAL_DeInit
  60              		.syntax unified
ARM GAS  C:\Users\VD1800~1\AppData\Local\Temp\ccKb1jx8.s 			page 2


  61              		.thumb
  62              		.thumb_func
  63              		.fpu softvfp
  65              	HAL_DeInit:
  66              	.LFB66:
  67              		.loc 1 176 1 view -0
  68              		.cfi_startproc
  69              		@ args = 0, pretend = 0, frame = 0
  70              		@ frame_needed = 0, uses_anonymous_args = 0
  71 0000 10B5     		push	{r4, lr}
  72              	.LCFI0:
  73              		.cfi_def_cfa_offset 8
  74              		.cfi_offset 4, -8
  75              		.cfi_offset 14, -4
  76              		.loc 1 178 3 view .LVU5
  77 0002 064B     		ldr	r3, .L5
  78 0004 4FF0FF32 		mov	r2, #-1
  79 0008 DA60     		str	r2, [r3, #12]
  80              		.loc 1 179 3 view .LVU6
  81 000a 0024     		movs	r4, #0
  82 000c 1C61     		str	r4, [r3, #16]
  83              		.loc 1 181 3 view .LVU7
  84 000e DA60     		str	r2, [r3, #12]
  85              		.loc 1 182 3 view .LVU8
  86 0010 DC60     		str	r4, [r3, #12]
  87              		.loc 1 190 3 view .LVU9
  88 0012 FFF7FEFF 		bl	HAL_MspDeInit
  89              	.LVL0:
  90              		.loc 1 193 3 view .LVU10
  91              		.loc 1 194 1 is_stmt 0 view .LVU11
  92 0016 2046     		mov	r0, r4
  93 0018 10BD     		pop	{r4, pc}
  94              	.L6:
  95 001a 00BF     		.align	2
  96              	.L5:
  97 001c 00100240 		.word	1073876992
  98              		.cfi_endproc
  99              	.LFE66:
 101              		.section	.text.HAL_InitTick,"ax",%progbits
 102              		.align	1
 103              		.weak	HAL_InitTick
 104              		.syntax unified
 105              		.thumb
 106              		.thumb_func
 107              		.fpu softvfp
 109              	HAL_InitTick:
 110              	.LVL1:
 111              	.LFB69:
 112              		.loc 1 235 1 is_stmt 1 view -0
 113              		.cfi_startproc
 114              		@ args = 0, pretend = 0, frame = 0
 115              		@ frame_needed = 0, uses_anonymous_args = 0
 116              		.loc 1 235 1 is_stmt 0 view .LVU13
 117 0000 10B5     		push	{r4, lr}
 118              	.LCFI1:
 119              		.cfi_def_cfa_offset 8
 120              		.cfi_offset 4, -8
ARM GAS  C:\Users\VD1800~1\AppData\Local\Temp\ccKb1jx8.s 			page 3


 121              		.cfi_offset 14, -4
 122 0002 0446     		mov	r4, r0
 123              		.loc 1 237 3 is_stmt 1 view .LVU14
 124              		.loc 1 237 51 is_stmt 0 view .LVU15
 125 0004 0E4B     		ldr	r3, .L13
 126 0006 1878     		ldrb	r0, [r3]	@ zero_extendqisi2
 127              	.LVL2:
 128              		.loc 1 237 51 view .LVU16
 129 0008 4FF47A73 		mov	r3, #1000
 130 000c B3FBF0F3 		udiv	r3, r3, r0
 131              		.loc 1 237 7 view .LVU17
 132 0010 0C4A     		ldr	r2, .L13+4
 133 0012 1068     		ldr	r0, [r2]
 134 0014 B0FBF3F0 		udiv	r0, r0, r3
 135 0018 FFF7FEFF 		bl	HAL_SYSTICK_Config
 136              	.LVL3:
 137              		.loc 1 237 6 view .LVU18
 138 001c 68B9     		cbnz	r0, .L9
 139              		.loc 1 243 3 is_stmt 1 view .LVU19
 140              		.loc 1 243 6 is_stmt 0 view .LVU20
 141 001e 0F2C     		cmp	r4, #15
 142 0020 01D9     		bls	.L12
 143              		.loc 1 250 12 view .LVU21
 144 0022 0120     		movs	r0, #1
 145 0024 0AE0     		b	.L8
 146              	.L12:
 147              		.loc 1 245 5 is_stmt 1 view .LVU22
 148 0026 0022     		movs	r2, #0
 149 0028 2146     		mov	r1, r4
 150 002a 4FF0FF30 		mov	r0, #-1
 151 002e FFF7FEFF 		bl	HAL_NVIC_SetPriority
 152              	.LVL4:
 153              		.loc 1 246 5 view .LVU23
 154              		.loc 1 246 16 is_stmt 0 view .LVU24
 155 0032 054B     		ldr	r3, .L13+8
 156 0034 1C60     		str	r4, [r3]
 157              		.loc 1 254 3 is_stmt 1 view .LVU25
 158              		.loc 1 254 10 is_stmt 0 view .LVU26
 159 0036 0020     		movs	r0, #0
 160 0038 00E0     		b	.L8
 161              	.L9:
 162              		.loc 1 239 12 view .LVU27
 163 003a 0120     		movs	r0, #1
 164              	.L8:
 165              		.loc 1 255 1 view .LVU28
 166 003c 10BD     		pop	{r4, pc}
 167              	.LVL5:
 168              	.L14:
 169              		.loc 1 255 1 view .LVU29
 170 003e 00BF     		.align	2
 171              	.L13:
 172 0040 00000000 		.word	.LANCHOR0
 173 0044 00000000 		.word	SystemCoreClock
 174 0048 00000000 		.word	.LANCHOR1
 175              		.cfi_endproc
 176              	.LFE69:
 178              		.section	.text.HAL_Init,"ax",%progbits
ARM GAS  C:\Users\VD1800~1\AppData\Local\Temp\ccKb1jx8.s 			page 4


 179              		.align	1
 180              		.global	HAL_Init
 181              		.syntax unified
 182              		.thumb
 183              		.thumb_func
 184              		.fpu softvfp
 186              	HAL_Init:
 187              	.LFB65:
 188              		.loc 1 143 1 is_stmt 1 view -0
 189              		.cfi_startproc
 190              		@ args = 0, pretend = 0, frame = 0
 191              		@ frame_needed = 0, uses_anonymous_args = 0
 192 0000 08B5     		push	{r3, lr}
 193              	.LCFI2:
 194              		.cfi_def_cfa_offset 8
 195              		.cfi_offset 3, -8
 196              		.cfi_offset 14, -4
 197              		.loc 1 152 3 view .LVU31
 198 0002 074A     		ldr	r2, .L17
 199 0004 1368     		ldr	r3, [r2]
 200 0006 43F01003 		orr	r3, r3, #16
 201 000a 1360     		str	r3, [r2]
 202              		.loc 1 157 3 view .LVU32
 203 000c 0320     		movs	r0, #3
 204 000e FFF7FEFF 		bl	HAL_NVIC_SetPriorityGrouping
 205              	.LVL6:
 206              		.loc 1 160 3 view .LVU33
 207 0012 0F20     		movs	r0, #15
 208 0014 FFF7FEFF 		bl	HAL_InitTick
 209              	.LVL7:
 210              		.loc 1 163 3 view .LVU34
 211 0018 FFF7FEFF 		bl	HAL_MspInit
 212              	.LVL8:
 213              		.loc 1 166 3 view .LVU35
 214              		.loc 1 167 1 is_stmt 0 view .LVU36
 215 001c 0020     		movs	r0, #0
 216 001e 08BD     		pop	{r3, pc}
 217              	.L18:
 218              		.align	2
 219              	.L17:
 220 0020 00200240 		.word	1073881088
 221              		.cfi_endproc
 222              	.LFE65:
 224              		.section	.text.HAL_IncTick,"ax",%progbits
 225              		.align	1
 226              		.weak	HAL_IncTick
 227              		.syntax unified
 228              		.thumb
 229              		.thumb_func
 230              		.fpu softvfp
 232              	HAL_IncTick:
 233              	.LFB70:
 234              		.loc 1 294 1 is_stmt 1 view -0
 235              		.cfi_startproc
 236              		@ args = 0, pretend = 0, frame = 0
 237              		@ frame_needed = 0, uses_anonymous_args = 0
 238              		@ link register save eliminated.
ARM GAS  C:\Users\VD1800~1\AppData\Local\Temp\ccKb1jx8.s 			page 5


 239              		.loc 1 295 3 view .LVU38
 240              		.loc 1 295 10 is_stmt 0 view .LVU39
 241 0000 034A     		ldr	r2, .L20
 242 0002 1168     		ldr	r1, [r2]
 243 0004 034B     		ldr	r3, .L20+4
 244 0006 1B78     		ldrb	r3, [r3]	@ zero_extendqisi2
 245 0008 0B44     		add	r3, r3, r1
 246 000a 1360     		str	r3, [r2]
 247              		.loc 1 296 1 view .LVU40
 248 000c 7047     		bx	lr
 249              	.L21:
 250 000e 00BF     		.align	2
 251              	.L20:
 252 0010 00000000 		.word	.LANCHOR2
 253 0014 00000000 		.word	.LANCHOR0
 254              		.cfi_endproc
 255              	.LFE70:
 257              		.section	.text.HAL_GetTick,"ax",%progbits
 258              		.align	1
 259              		.weak	HAL_GetTick
 260              		.syntax unified
 261              		.thumb
 262              		.thumb_func
 263              		.fpu softvfp
 265              	HAL_GetTick:
 266              	.LFB71:
 267              		.loc 1 305 1 is_stmt 1 view -0
 268              		.cfi_startproc
 269              		@ args = 0, pretend = 0, frame = 0
 270              		@ frame_needed = 0, uses_anonymous_args = 0
 271              		@ link register save eliminated.
 272              		.loc 1 306 3 view .LVU42
 273              		.loc 1 306 10 is_stmt 0 view .LVU43
 274 0000 014B     		ldr	r3, .L23
 275 0002 1868     		ldr	r0, [r3]
 276              		.loc 1 307 1 view .LVU44
 277 0004 7047     		bx	lr
 278              	.L24:
 279 0006 00BF     		.align	2
 280              	.L23:
 281 0008 00000000 		.word	.LANCHOR2
 282              		.cfi_endproc
 283              	.LFE71:
 285              		.section	.text.HAL_GetTickPrio,"ax",%progbits
 286              		.align	1
 287              		.global	HAL_GetTickPrio
 288              		.syntax unified
 289              		.thumb
 290              		.thumb_func
 291              		.fpu softvfp
 293              	HAL_GetTickPrio:
 294              	.LFB72:
 295              		.loc 1 314 1 is_stmt 1 view -0
 296              		.cfi_startproc
 297              		@ args = 0, pretend = 0, frame = 0
 298              		@ frame_needed = 0, uses_anonymous_args = 0
 299              		@ link register save eliminated.
ARM GAS  C:\Users\VD1800~1\AppData\Local\Temp\ccKb1jx8.s 			page 6


 300              		.loc 1 315 3 view .LVU46
 301              		.loc 1 316 1 is_stmt 0 view .LVU47
 302 0000 014B     		ldr	r3, .L26
 303 0002 1868     		ldr	r0, [r3]
 304 0004 7047     		bx	lr
 305              	.L27:
 306 0006 00BF     		.align	2
 307              	.L26:
 308 0008 00000000 		.word	.LANCHOR1
 309              		.cfi_endproc
 310              	.LFE72:
 312              		.section	.text.HAL_SetTickFreq,"ax",%progbits
 313              		.align	1
 314              		.global	HAL_SetTickFreq
 315              		.syntax unified
 316              		.thumb
 317              		.thumb_func
 318              		.fpu softvfp
 320              	HAL_SetTickFreq:
 321              	.LVL9:
 322              	.LFB73:
 323              		.loc 1 323 1 is_stmt 1 view -0
 324              		.cfi_startproc
 325              		@ args = 0, pretend = 0, frame = 0
 326              		@ frame_needed = 0, uses_anonymous_args = 0
 327              		.loc 1 323 1 is_stmt 0 view .LVU49
 328 0000 10B5     		push	{r4, lr}
 329              	.LCFI3:
 330              		.cfi_def_cfa_offset 8
 331              		.cfi_offset 4, -8
 332              		.cfi_offset 14, -4
 333              		.loc 1 324 3 is_stmt 1 view .LVU50
 334              	.LVL10:
 335              		.loc 1 325 3 view .LVU51
 336              		.loc 1 327 3 view .LVU52
 337              		.loc 1 329 3 view .LVU53
 338              		.loc 1 329 18 is_stmt 0 view .LVU54
 339 0002 084B     		ldr	r3, .L33
 340 0004 1C78     		ldrb	r4, [r3]	@ zero_extendqisi2
 341              		.loc 1 329 6 view .LVU55
 342 0006 8442     		cmp	r4, r0
 343 0008 01D1     		bne	.L32
 344              		.loc 1 324 21 view .LVU56
 345 000a 0020     		movs	r0, #0
 346              	.LVL11:
 347              	.L29:
 348              		.loc 1 347 3 is_stmt 1 view .LVU57
 349              		.loc 1 348 1 is_stmt 0 view .LVU58
 350 000c 10BD     		pop	{r4, pc}
 351              	.LVL12:
 352              	.L32:
 353              		.loc 1 332 5 is_stmt 1 view .LVU59
 354              		.loc 1 335 5 view .LVU60
 355              		.loc 1 335 16 is_stmt 0 view .LVU61
 356 000e 1870     		strb	r0, [r3]
 357              		.loc 1 338 5 is_stmt 1 view .LVU62
 358              		.loc 1 338 14 is_stmt 0 view .LVU63
ARM GAS  C:\Users\VD1800~1\AppData\Local\Temp\ccKb1jx8.s 			page 7


 359 0010 054B     		ldr	r3, .L33+4
 360 0012 1868     		ldr	r0, [r3]
 361              	.LVL13:
 362              		.loc 1 338 14 view .LVU64
 363 0014 FFF7FEFF 		bl	HAL_InitTick
 364              	.LVL14:
 365              		.loc 1 340 5 is_stmt 1 view .LVU65
 366              		.loc 1 340 8 is_stmt 0 view .LVU66
 367 0018 0028     		cmp	r0, #0
 368 001a F7D0     		beq	.L29
 369              		.loc 1 343 7 is_stmt 1 view .LVU67
 370              		.loc 1 343 18 is_stmt 0 view .LVU68
 371 001c 014B     		ldr	r3, .L33
 372 001e 1C70     		strb	r4, [r3]
 373 0020 F4E7     		b	.L29
 374              	.L34:
 375 0022 00BF     		.align	2
 376              	.L33:
 377 0024 00000000 		.word	.LANCHOR0
 378 0028 00000000 		.word	.LANCHOR1
 379              		.cfi_endproc
 380              	.LFE73:
 382              		.section	.text.HAL_GetTickFreq,"ax",%progbits
 383              		.align	1
 384              		.global	HAL_GetTickFreq
 385              		.syntax unified
 386              		.thumb
 387              		.thumb_func
 388              		.fpu softvfp
 390              	HAL_GetTickFreq:
 391              	.LFB74:
 392              		.loc 1 355 1 is_stmt 1 view -0
 393              		.cfi_startproc
 394              		@ args = 0, pretend = 0, frame = 0
 395              		@ frame_needed = 0, uses_anonymous_args = 0
 396              		@ link register save eliminated.
 397              		.loc 1 356 3 view .LVU70
 398              		.loc 1 357 1 is_stmt 0 view .LVU71
 399 0000 014B     		ldr	r3, .L36
 400 0002 1878     		ldrb	r0, [r3]	@ zero_extendqisi2
 401 0004 7047     		bx	lr
 402              	.L37:
 403 0006 00BF     		.align	2
 404              	.L36:
 405 0008 00000000 		.word	.LANCHOR0
 406              		.cfi_endproc
 407              	.LFE74:
 409              		.section	.text.HAL_Delay,"ax",%progbits
 410              		.align	1
 411              		.weak	HAL_Delay
 412              		.syntax unified
 413              		.thumb
 414              		.thumb_func
 415              		.fpu softvfp
 417              	HAL_Delay:
 418              	.LVL15:
 419              	.LFB75:
ARM GAS  C:\Users\VD1800~1\AppData\Local\Temp\ccKb1jx8.s 			page 8


 420              		.loc 1 371 1 is_stmt 1 view -0
 421              		.cfi_startproc
 422              		@ args = 0, pretend = 0, frame = 0
 423              		@ frame_needed = 0, uses_anonymous_args = 0
 424              		.loc 1 371 1 is_stmt 0 view .LVU73
 425 0000 38B5     		push	{r3, r4, r5, lr}
 426              	.LCFI4:
 427              		.cfi_def_cfa_offset 16
 428              		.cfi_offset 3, -16
 429              		.cfi_offset 4, -12
 430              		.cfi_offset 5, -8
 431              		.cfi_offset 14, -4
 432 0002 0446     		mov	r4, r0
 433              		.loc 1 372 3 is_stmt 1 view .LVU74
 434              		.loc 1 372 24 is_stmt 0 view .LVU75
 435 0004 FFF7FEFF 		bl	HAL_GetTick
 436              	.LVL16:
 437              		.loc 1 372 24 view .LVU76
 438 0008 0546     		mov	r5, r0
 439              	.LVL17:
 440              		.loc 1 373 3 is_stmt 1 view .LVU77
 441              		.loc 1 376 3 view .LVU78
 442              		.loc 1 376 6 is_stmt 0 view .LVU79
 443 000a B4F1FF3F 		cmp	r4, #-1
 444 000e 02D0     		beq	.L40
 445              		.loc 1 378 5 is_stmt 1 view .LVU80
 446              		.loc 1 378 13 is_stmt 0 view .LVU81
 447 0010 044B     		ldr	r3, .L42
 448 0012 1B78     		ldrb	r3, [r3]	@ zero_extendqisi2
 449              		.loc 1 378 10 view .LVU82
 450 0014 1C44     		add	r4, r4, r3
 451              	.LVL18:
 452              	.L40:
 453              		.loc 1 383 3 is_stmt 1 discriminator 1 view .LVU83
 454              		.loc 1 381 9 discriminator 1 view .LVU84
 455              		.loc 1 381 11 is_stmt 0 discriminator 1 view .LVU85
 456 0016 FFF7FEFF 		bl	HAL_GetTick
 457              	.LVL19:
 458              		.loc 1 381 25 discriminator 1 view .LVU86
 459 001a 401B     		subs	r0, r0, r5
 460              		.loc 1 381 9 discriminator 1 view .LVU87
 461 001c A042     		cmp	r0, r4
 462 001e FAD3     		bcc	.L40
 463              		.loc 1 384 1 view .LVU88
 464 0020 38BD     		pop	{r3, r4, r5, pc}
 465              	.LVL20:
 466              	.L43:
 467              		.loc 1 384 1 view .LVU89
 468 0022 00BF     		.align	2
 469              	.L42:
 470 0024 00000000 		.word	.LANCHOR0
 471              		.cfi_endproc
 472              	.LFE75:
 474              		.section	.text.HAL_SuspendTick,"ax",%progbits
 475              		.align	1
 476              		.weak	HAL_SuspendTick
 477              		.syntax unified
ARM GAS  C:\Users\VD1800~1\AppData\Local\Temp\ccKb1jx8.s 			page 9


 478              		.thumb
 479              		.thumb_func
 480              		.fpu softvfp
 482              	HAL_SuspendTick:
 483              	.LFB76:
 484              		.loc 1 397 1 is_stmt 1 view -0
 485              		.cfi_startproc
 486              		@ args = 0, pretend = 0, frame = 0
 487              		@ frame_needed = 0, uses_anonymous_args = 0
 488              		@ link register save eliminated.
 489              		.loc 1 399 3 view .LVU91
 490 0000 4FF0E022 		mov	r2, #-536813568
 491 0004 1369     		ldr	r3, [r2, #16]
 492 0006 23F00203 		bic	r3, r3, #2
 493 000a 1361     		str	r3, [r2, #16]
 494              		.loc 1 400 1 is_stmt 0 view .LVU92
 495 000c 7047     		bx	lr
 496              		.cfi_endproc
 497              	.LFE76:
 499              		.section	.text.HAL_ResumeTick,"ax",%progbits
 500              		.align	1
 501              		.weak	HAL_ResumeTick
 502              		.syntax unified
 503              		.thumb
 504              		.thumb_func
 505              		.fpu softvfp
 507              	HAL_ResumeTick:
 508              	.LFB77:
 509              		.loc 1 413 1 is_stmt 1 view -0
 510              		.cfi_startproc
 511              		@ args = 0, pretend = 0, frame = 0
 512              		@ frame_needed = 0, uses_anonymous_args = 0
 513              		@ link register save eliminated.
 514              		.loc 1 415 3 view .LVU94
 515 0000 4FF0E022 		mov	r2, #-536813568
 516 0004 1369     		ldr	r3, [r2, #16]
 517 0006 43F00203 		orr	r3, r3, #2
 518 000a 1361     		str	r3, [r2, #16]
 519              		.loc 1 416 1 is_stmt 0 view .LVU95
 520 000c 7047     		bx	lr
 521              		.cfi_endproc
 522              	.LFE77:
 524              		.section	.text.HAL_GetHalVersion,"ax",%progbits
 525              		.align	1
 526              		.global	HAL_GetHalVersion
 527              		.syntax unified
 528              		.thumb
 529              		.thumb_func
 530              		.fpu softvfp
 532              	HAL_GetHalVersion:
 533              	.LFB78:
 534              		.loc 1 423 1 is_stmt 1 view -0
 535              		.cfi_startproc
 536              		@ args = 0, pretend = 0, frame = 0
 537              		@ frame_needed = 0, uses_anonymous_args = 0
 538              		@ link register save eliminated.
 539              		.loc 1 424 3 view .LVU97
ARM GAS  C:\Users\VD1800~1\AppData\Local\Temp\ccKb1jx8.s 			page 10


 540              		.loc 1 425 1 is_stmt 0 view .LVU98
 541 0000 0048     		ldr	r0, .L47
 542 0002 7047     		bx	lr
 543              	.L48:
 544              		.align	2
 545              	.L47:
 546 0004 00080101 		.word	16844800
 547              		.cfi_endproc
 548              	.LFE78:
 550              		.section	.text.HAL_GetREVID,"ax",%progbits
 551              		.align	1
 552              		.global	HAL_GetREVID
 553              		.syntax unified
 554              		.thumb
 555              		.thumb_func
 556              		.fpu softvfp
 558              	HAL_GetREVID:
 559              	.LFB79:
 560              		.loc 1 439 1 is_stmt 1 view -0
 561              		.cfi_startproc
 562              		@ args = 0, pretend = 0, frame = 0
 563              		@ frame_needed = 0, uses_anonymous_args = 0
 564              		@ link register save eliminated.
 565              		.loc 1 440 3 view .LVU100
 566              		.loc 1 440 18 is_stmt 0 view .LVU101
 567 0000 014B     		ldr	r3, .L50
 568 0002 1868     		ldr	r0, [r3]
 569              		.loc 1 441 1 view .LVU102
 570 0004 000C     		lsrs	r0, r0, #16
 571 0006 7047     		bx	lr
 572              	.L51:
 573              		.align	2
 574              	.L50:
 575 0008 002004E0 		.word	-536600576
 576              		.cfi_endproc
 577              	.LFE79:
 579              		.section	.text.HAL_GetDEVID,"ax",%progbits
 580              		.align	1
 581              		.global	HAL_GetDEVID
 582              		.syntax unified
 583              		.thumb
 584              		.thumb_func
 585              		.fpu softvfp
 587              	HAL_GetDEVID:
 588              	.LFB80:
 589              		.loc 1 455 1 is_stmt 1 view -0
 590              		.cfi_startproc
 591              		@ args = 0, pretend = 0, frame = 0
 592              		@ frame_needed = 0, uses_anonymous_args = 0
 593              		@ link register save eliminated.
 594              		.loc 1 456 3 view .LVU104
 595              		.loc 1 456 18 is_stmt 0 view .LVU105
 596 0000 024B     		ldr	r3, .L53
 597 0002 1868     		ldr	r0, [r3]
 598              		.loc 1 457 1 view .LVU106
 599 0004 C0F30B00 		ubfx	r0, r0, #0, #12
 600 0008 7047     		bx	lr
ARM GAS  C:\Users\VD1800~1\AppData\Local\Temp\ccKb1jx8.s 			page 11


 601              	.L54:
 602 000a 00BF     		.align	2
 603              	.L53:
 604 000c 002004E0 		.word	-536600576
 605              		.cfi_endproc
 606              	.LFE80:
 608              		.section	.text.HAL_GetUIDw0,"ax",%progbits
 609              		.align	1
 610              		.global	HAL_GetUIDw0
 611              		.syntax unified
 612              		.thumb
 613              		.thumb_func
 614              		.fpu softvfp
 616              	HAL_GetUIDw0:
 617              	.LFB81:
 618              		.loc 1 464 1 is_stmt 1 view -0
 619              		.cfi_startproc
 620              		@ args = 0, pretend = 0, frame = 0
 621              		@ frame_needed = 0, uses_anonymous_args = 0
 622              		@ link register save eliminated.
 623              		.loc 1 465 4 view .LVU108
 624              		.loc 1 466 1 is_stmt 0 view .LVU109
 625 0000 014B     		ldr	r3, .L56
 626 0002 D3F8E807 		ldr	r0, [r3, #2024]
 627 0006 7047     		bx	lr
 628              	.L57:
 629              		.align	2
 630              	.L56:
 631 0008 00F0FF1F 		.word	536866816
 632              		.cfi_endproc
 633              	.LFE81:
 635              		.section	.text.HAL_GetUIDw1,"ax",%progbits
 636              		.align	1
 637              		.global	HAL_GetUIDw1
 638              		.syntax unified
 639              		.thumb
 640              		.thumb_func
 641              		.fpu softvfp
 643              	HAL_GetUIDw1:
 644              	.LFB82:
 645              		.loc 1 473 1 is_stmt 1 view -0
 646              		.cfi_startproc
 647              		@ args = 0, pretend = 0, frame = 0
 648              		@ frame_needed = 0, uses_anonymous_args = 0
 649              		@ link register save eliminated.
 650              		.loc 1 474 4 view .LVU111
 651              		.loc 1 475 1 is_stmt 0 view .LVU112
 652 0000 014B     		ldr	r3, .L59
 653 0002 D3F8EC07 		ldr	r0, [r3, #2028]
 654 0006 7047     		bx	lr
 655              	.L60:
 656              		.align	2
 657              	.L59:
 658 0008 00F0FF1F 		.word	536866816
 659              		.cfi_endproc
 660              	.LFE82:
 662              		.section	.text.HAL_GetUIDw2,"ax",%progbits
ARM GAS  C:\Users\VD1800~1\AppData\Local\Temp\ccKb1jx8.s 			page 12


 663              		.align	1
 664              		.global	HAL_GetUIDw2
 665              		.syntax unified
 666              		.thumb
 667              		.thumb_func
 668              		.fpu softvfp
 670              	HAL_GetUIDw2:
 671              	.LFB83:
 672              		.loc 1 482 1 is_stmt 1 view -0
 673              		.cfi_startproc
 674              		@ args = 0, pretend = 0, frame = 0
 675              		@ frame_needed = 0, uses_anonymous_args = 0
 676              		@ link register save eliminated.
 677              		.loc 1 483 4 view .LVU114
 678              		.loc 1 484 1 is_stmt 0 view .LVU115
 679 0000 014B     		ldr	r3, .L62
 680 0002 D3F8F007 		ldr	r0, [r3, #2032]
 681 0006 7047     		bx	lr
 682              	.L63:
 683              		.align	2
 684              	.L62:
 685 0008 00F0FF1F 		.word	536866816
 686              		.cfi_endproc
 687              	.LFE83:
 689              		.section	.text.HAL_DBGMCU_EnableDBGSleepMode,"ax",%progbits
 690              		.align	1
 691              		.global	HAL_DBGMCU_EnableDBGSleepMode
 692              		.syntax unified
 693              		.thumb
 694              		.thumb_func
 695              		.fpu softvfp
 697              	HAL_DBGMCU_EnableDBGSleepMode:
 698              	.LFB84:
 699              		.loc 1 491 1 is_stmt 1 view -0
 700              		.cfi_startproc
 701              		@ args = 0, pretend = 0, frame = 0
 702              		@ frame_needed = 0, uses_anonymous_args = 0
 703              		@ link register save eliminated.
 704              		.loc 1 492 3 view .LVU117
 705 0000 024A     		ldr	r2, .L65
 706 0002 5368     		ldr	r3, [r2, #4]
 707 0004 43F00103 		orr	r3, r3, #1
 708 0008 5360     		str	r3, [r2, #4]
 709              		.loc 1 493 1 is_stmt 0 view .LVU118
 710 000a 7047     		bx	lr
 711              	.L66:
 712              		.align	2
 713              	.L65:
 714 000c 002004E0 		.word	-536600576
 715              		.cfi_endproc
 716              	.LFE84:
 718              		.section	.text.HAL_DBGMCU_DisableDBGSleepMode,"ax",%progbits
 719              		.align	1
 720              		.global	HAL_DBGMCU_DisableDBGSleepMode
 721              		.syntax unified
 722              		.thumb
 723              		.thumb_func
ARM GAS  C:\Users\VD1800~1\AppData\Local\Temp\ccKb1jx8.s 			page 13


 724              		.fpu softvfp
 726              	HAL_DBGMCU_DisableDBGSleepMode:
 727              	.LFB85:
 728              		.loc 1 507 1 is_stmt 1 view -0
 729              		.cfi_startproc
 730              		@ args = 0, pretend = 0, frame = 0
 731              		@ frame_needed = 0, uses_anonymous_args = 0
 732              		@ link register save eliminated.
 733              		.loc 1 508 3 view .LVU120
 734 0000 024A     		ldr	r2, .L68
 735 0002 5368     		ldr	r3, [r2, #4]
 736 0004 23F00103 		bic	r3, r3, #1
 737 0008 5360     		str	r3, [r2, #4]
 738              		.loc 1 509 1 is_stmt 0 view .LVU121
 739 000a 7047     		bx	lr
 740              	.L69:
 741              		.align	2
 742              	.L68:
 743 000c 002004E0 		.word	-536600576
 744              		.cfi_endproc
 745              	.LFE85:
 747              		.section	.text.HAL_DBGMCU_EnableDBGStopMode,"ax",%progbits
 748              		.align	1
 749              		.global	HAL_DBGMCU_EnableDBGStopMode
 750              		.syntax unified
 751              		.thumb
 752              		.thumb_func
 753              		.fpu softvfp
 755              	HAL_DBGMCU_EnableDBGStopMode:
 756              	.LFB86:
 757              		.loc 1 537 1 is_stmt 1 view -0
 758              		.cfi_startproc
 759              		@ args = 0, pretend = 0, frame = 0
 760              		@ frame_needed = 0, uses_anonymous_args = 0
 761              		@ link register save eliminated.
 762              		.loc 1 538 3 view .LVU123
 763 0000 024A     		ldr	r2, .L71
 764 0002 5368     		ldr	r3, [r2, #4]
 765 0004 43F00203 		orr	r3, r3, #2
 766 0008 5360     		str	r3, [r2, #4]
 767              		.loc 1 539 1 is_stmt 0 view .LVU124
 768 000a 7047     		bx	lr
 769              	.L72:
 770              		.align	2
 771              	.L71:
 772 000c 002004E0 		.word	-536600576
 773              		.cfi_endproc
 774              	.LFE86:
 776              		.section	.text.HAL_DBGMCU_DisableDBGStopMode,"ax",%progbits
 777              		.align	1
 778              		.global	HAL_DBGMCU_DisableDBGStopMode
 779              		.syntax unified
 780              		.thumb
 781              		.thumb_func
 782              		.fpu softvfp
 784              	HAL_DBGMCU_DisableDBGStopMode:
 785              	.LFB87:
ARM GAS  C:\Users\VD1800~1\AppData\Local\Temp\ccKb1jx8.s 			page 14


 786              		.loc 1 553 1 is_stmt 1 view -0
 787              		.cfi_startproc
 788              		@ args = 0, pretend = 0, frame = 0
 789              		@ frame_needed = 0, uses_anonymous_args = 0
 790              		@ link register save eliminated.
 791              		.loc 1 554 3 view .LVU126
 792 0000 024A     		ldr	r2, .L74
 793 0002 5368     		ldr	r3, [r2, #4]
 794 0004 23F00203 		bic	r3, r3, #2
 795 0008 5360     		str	r3, [r2, #4]
 796              		.loc 1 555 1 is_stmt 0 view .LVU127
 797 000a 7047     		bx	lr
 798              	.L75:
 799              		.align	2
 800              	.L74:
 801 000c 002004E0 		.word	-536600576
 802              		.cfi_endproc
 803              	.LFE87:
 805              		.section	.text.HAL_DBGMCU_EnableDBGStandbyMode,"ax",%progbits
 806              		.align	1
 807              		.global	HAL_DBGMCU_EnableDBGStandbyMode
 808              		.syntax unified
 809              		.thumb
 810              		.thumb_func
 811              		.fpu softvfp
 813              	HAL_DBGMCU_EnableDBGStandbyMode:
 814              	.LFB88:
 815              		.loc 1 569 1 is_stmt 1 view -0
 816              		.cfi_startproc
 817              		@ args = 0, pretend = 0, frame = 0
 818              		@ frame_needed = 0, uses_anonymous_args = 0
 819              		@ link register save eliminated.
 820              		.loc 1 570 3 view .LVU129
 821 0000 024A     		ldr	r2, .L77
 822 0002 5368     		ldr	r3, [r2, #4]
 823 0004 43F00403 		orr	r3, r3, #4
 824 0008 5360     		str	r3, [r2, #4]
 825              		.loc 1 571 1 is_stmt 0 view .LVU130
 826 000a 7047     		bx	lr
 827              	.L78:
 828              		.align	2
 829              	.L77:
 830 000c 002004E0 		.word	-536600576
 831              		.cfi_endproc
 832              	.LFE88:
 834              		.section	.text.HAL_DBGMCU_DisableDBGStandbyMode,"ax",%progbits
 835              		.align	1
 836              		.global	HAL_DBGMCU_DisableDBGStandbyMode
 837              		.syntax unified
 838              		.thumb
 839              		.thumb_func
 840              		.fpu softvfp
 842              	HAL_DBGMCU_DisableDBGStandbyMode:
 843              	.LFB89:
 844              		.loc 1 585 1 is_stmt 1 view -0
 845              		.cfi_startproc
 846              		@ args = 0, pretend = 0, frame = 0
ARM GAS  C:\Users\VD1800~1\AppData\Local\Temp\ccKb1jx8.s 			page 15


 847              		@ frame_needed = 0, uses_anonymous_args = 0
 848              		@ link register save eliminated.
 849              		.loc 1 586 3 view .LVU132
 850 0000 024A     		ldr	r2, .L80
 851 0002 5368     		ldr	r3, [r2, #4]
 852 0004 23F00403 		bic	r3, r3, #4
 853 0008 5360     		str	r3, [r2, #4]
 854              		.loc 1 587 1 is_stmt 0 view .LVU133
 855 000a 7047     		bx	lr
 856              	.L81:
 857              		.align	2
 858              	.L80:
 859 000c 002004E0 		.word	-536600576
 860              		.cfi_endproc
 861              	.LFE89:
 863              		.global	uwTickFreq
 864              		.global	uwTickPrio
 865              		.global	uwTick
 866              		.section	.bss.uwTick,"aw",%nobits
 867              		.align	2
 868              		.set	.LANCHOR2,. + 0
 871              	uwTick:
 872 0000 00000000 		.space	4
 873              		.section	.data.uwTickFreq,"aw"
 874              		.set	.LANCHOR0,. + 0
 877              	uwTickFreq:
 878 0000 01       		.byte	1
 879              		.section	.data.uwTickPrio,"aw"
 880              		.align	2
 881              		.set	.LANCHOR1,. + 0
 884              	uwTickPrio:
 885 0000 10000000 		.word	16
 886              		.text
 887              	.Letext0:
 888              		.file 2 "../c:\\users\\vd180005d\\desktop\\mips\\gnu mcu\\arm-none-eabi-gcc-10.2.1-1.1\\arm-none-e
 889              		.file 3 "../c:\\users\\vd180005d\\desktop\\mips\\gnu mcu\\arm-none-eabi-gcc-10.2.1-1.1\\arm-none-e
 890              		.file 4 "../Drivers/CMSIS/Include/core_cm3.h"
 891              		.file 5 "../Drivers/CMSIS/Device/ST/STM32F1xx/Include/stm32f103x6.h"
 892              		.file 6 "../Drivers/STM32F1xx_HAL_Driver/Inc/stm32f1xx_hal_def.h"
 893              		.file 7 "../Drivers/STM32F1xx_HAL_Driver/Inc/stm32f1xx_hal.h"
 894              		.file 8 "../Drivers/CMSIS/Device/ST/STM32F1xx/Include/system_stm32f1xx.h"
 895              		.file 9 "../Drivers/STM32F1xx_HAL_Driver/Inc/stm32f1xx_hal_cortex.h"
ARM GAS  C:\Users\VD1800~1\AppData\Local\Temp\ccKb1jx8.s 			page 16


DEFINED SYMBOLS
                            *ABS*:0000000000000000 stm32f1xx_hal.c
C:\Users\VD1800~1\AppData\Local\Temp\ccKb1jx8.s:16     .text.HAL_MspInit:0000000000000000 $t
C:\Users\VD1800~1\AppData\Local\Temp\ccKb1jx8.s:24     .text.HAL_MspInit:0000000000000000 HAL_MspInit
C:\Users\VD1800~1\AppData\Local\Temp\ccKb1jx8.s:38     .text.HAL_MspDeInit:0000000000000000 $t
C:\Users\VD1800~1\AppData\Local\Temp\ccKb1jx8.s:45     .text.HAL_MspDeInit:0000000000000000 HAL_MspDeInit
C:\Users\VD1800~1\AppData\Local\Temp\ccKb1jx8.s:58     .text.HAL_DeInit:0000000000000000 $t
C:\Users\VD1800~1\AppData\Local\Temp\ccKb1jx8.s:65     .text.HAL_DeInit:0000000000000000 HAL_DeInit
C:\Users\VD1800~1\AppData\Local\Temp\ccKb1jx8.s:97     .text.HAL_DeInit:000000000000001c $d
C:\Users\VD1800~1\AppData\Local\Temp\ccKb1jx8.s:102    .text.HAL_InitTick:0000000000000000 $t
C:\Users\VD1800~1\AppData\Local\Temp\ccKb1jx8.s:109    .text.HAL_InitTick:0000000000000000 HAL_InitTick
C:\Users\VD1800~1\AppData\Local\Temp\ccKb1jx8.s:172    .text.HAL_InitTick:0000000000000040 $d
C:\Users\VD1800~1\AppData\Local\Temp\ccKb1jx8.s:179    .text.HAL_Init:0000000000000000 $t
C:\Users\VD1800~1\AppData\Local\Temp\ccKb1jx8.s:186    .text.HAL_Init:0000000000000000 HAL_Init
C:\Users\VD1800~1\AppData\Local\Temp\ccKb1jx8.s:220    .text.HAL_Init:0000000000000020 $d
C:\Users\VD1800~1\AppData\Local\Temp\ccKb1jx8.s:225    .text.HAL_IncTick:0000000000000000 $t
C:\Users\VD1800~1\AppData\Local\Temp\ccKb1jx8.s:232    .text.HAL_IncTick:0000000000000000 HAL_IncTick
C:\Users\VD1800~1\AppData\Local\Temp\ccKb1jx8.s:252    .text.HAL_IncTick:0000000000000010 $d
C:\Users\VD1800~1\AppData\Local\Temp\ccKb1jx8.s:258    .text.HAL_GetTick:0000000000000000 $t
C:\Users\VD1800~1\AppData\Local\Temp\ccKb1jx8.s:265    .text.HAL_GetTick:0000000000000000 HAL_GetTick
C:\Users\VD1800~1\AppData\Local\Temp\ccKb1jx8.s:281    .text.HAL_GetTick:0000000000000008 $d
C:\Users\VD1800~1\AppData\Local\Temp\ccKb1jx8.s:286    .text.HAL_GetTickPrio:0000000000000000 $t
C:\Users\VD1800~1\AppData\Local\Temp\ccKb1jx8.s:293    .text.HAL_GetTickPrio:0000000000000000 HAL_GetTickPrio
C:\Users\VD1800~1\AppData\Local\Temp\ccKb1jx8.s:308    .text.HAL_GetTickPrio:0000000000000008 $d
C:\Users\VD1800~1\AppData\Local\Temp\ccKb1jx8.s:313    .text.HAL_SetTickFreq:0000000000000000 $t
C:\Users\VD1800~1\AppData\Local\Temp\ccKb1jx8.s:320    .text.HAL_SetTickFreq:0000000000000000 HAL_SetTickFreq
C:\Users\VD1800~1\AppData\Local\Temp\ccKb1jx8.s:377    .text.HAL_SetTickFreq:0000000000000024 $d
C:\Users\VD1800~1\AppData\Local\Temp\ccKb1jx8.s:383    .text.HAL_GetTickFreq:0000000000000000 $t
C:\Users\VD1800~1\AppData\Local\Temp\ccKb1jx8.s:390    .text.HAL_GetTickFreq:0000000000000000 HAL_GetTickFreq
C:\Users\VD1800~1\AppData\Local\Temp\ccKb1jx8.s:405    .text.HAL_GetTickFreq:0000000000000008 $d
C:\Users\VD1800~1\AppData\Local\Temp\ccKb1jx8.s:410    .text.HAL_Delay:0000000000000000 $t
C:\Users\VD1800~1\AppData\Local\Temp\ccKb1jx8.s:417    .text.HAL_Delay:0000000000000000 HAL_Delay
C:\Users\VD1800~1\AppData\Local\Temp\ccKb1jx8.s:470    .text.HAL_Delay:0000000000000024 $d
C:\Users\VD1800~1\AppData\Local\Temp\ccKb1jx8.s:475    .text.HAL_SuspendTick:0000000000000000 $t
C:\Users\VD1800~1\AppData\Local\Temp\ccKb1jx8.s:482    .text.HAL_SuspendTick:0000000000000000 HAL_SuspendTick
C:\Users\VD1800~1\AppData\Local\Temp\ccKb1jx8.s:500    .text.HAL_ResumeTick:0000000000000000 $t
C:\Users\VD1800~1\AppData\Local\Temp\ccKb1jx8.s:507    .text.HAL_ResumeTick:0000000000000000 HAL_ResumeTick
C:\Users\VD1800~1\AppData\Local\Temp\ccKb1jx8.s:525    .text.HAL_GetHalVersion:0000000000000000 $t
C:\Users\VD1800~1\AppData\Local\Temp\ccKb1jx8.s:532    .text.HAL_GetHalVersion:0000000000000000 HAL_GetHalVersion
C:\Users\VD1800~1\AppData\Local\Temp\ccKb1jx8.s:546    .text.HAL_GetHalVersion:0000000000000004 $d
C:\Users\VD1800~1\AppData\Local\Temp\ccKb1jx8.s:551    .text.HAL_GetREVID:0000000000000000 $t
C:\Users\VD1800~1\AppData\Local\Temp\ccKb1jx8.s:558    .text.HAL_GetREVID:0000000000000000 HAL_GetREVID
C:\Users\VD1800~1\AppData\Local\Temp\ccKb1jx8.s:575    .text.HAL_GetREVID:0000000000000008 $d
C:\Users\VD1800~1\AppData\Local\Temp\ccKb1jx8.s:580    .text.HAL_GetDEVID:0000000000000000 $t
C:\Users\VD1800~1\AppData\Local\Temp\ccKb1jx8.s:587    .text.HAL_GetDEVID:0000000000000000 HAL_GetDEVID
C:\Users\VD1800~1\AppData\Local\Temp\ccKb1jx8.s:604    .text.HAL_GetDEVID:000000000000000c $d
C:\Users\VD1800~1\AppData\Local\Temp\ccKb1jx8.s:609    .text.HAL_GetUIDw0:0000000000000000 $t
C:\Users\VD1800~1\AppData\Local\Temp\ccKb1jx8.s:616    .text.HAL_GetUIDw0:0000000000000000 HAL_GetUIDw0
C:\Users\VD1800~1\AppData\Local\Temp\ccKb1jx8.s:631    .text.HAL_GetUIDw0:0000000000000008 $d
C:\Users\VD1800~1\AppData\Local\Temp\ccKb1jx8.s:636    .text.HAL_GetUIDw1:0000000000000000 $t
C:\Users\VD1800~1\AppData\Local\Temp\ccKb1jx8.s:643    .text.HAL_GetUIDw1:0000000000000000 HAL_GetUIDw1
C:\Users\VD1800~1\AppData\Local\Temp\ccKb1jx8.s:658    .text.HAL_GetUIDw1:0000000000000008 $d
C:\Users\VD1800~1\AppData\Local\Temp\ccKb1jx8.s:663    .text.HAL_GetUIDw2:0000000000000000 $t
C:\Users\VD1800~1\AppData\Local\Temp\ccKb1jx8.s:670    .text.HAL_GetUIDw2:0000000000000000 HAL_GetUIDw2
C:\Users\VD1800~1\AppData\Local\Temp\ccKb1jx8.s:685    .text.HAL_GetUIDw2:0000000000000008 $d
C:\Users\VD1800~1\AppData\Local\Temp\ccKb1jx8.s:690    .text.HAL_DBGMCU_EnableDBGSleepMode:0000000000000000 $t
C:\Users\VD1800~1\AppData\Local\Temp\ccKb1jx8.s:697    .text.HAL_DBGMCU_EnableDBGSleepMode:0000000000000000 HAL_DBGMCU_EnableDBGSleepMode
ARM GAS  C:\Users\VD1800~1\AppData\Local\Temp\ccKb1jx8.s 			page 17


C:\Users\VD1800~1\AppData\Local\Temp\ccKb1jx8.s:714    .text.HAL_DBGMCU_EnableDBGSleepMode:000000000000000c $d
C:\Users\VD1800~1\AppData\Local\Temp\ccKb1jx8.s:719    .text.HAL_DBGMCU_DisableDBGSleepMode:0000000000000000 $t
C:\Users\VD1800~1\AppData\Local\Temp\ccKb1jx8.s:726    .text.HAL_DBGMCU_DisableDBGSleepMode:0000000000000000 HAL_DBGMCU_DisableDBGSleepMode
C:\Users\VD1800~1\AppData\Local\Temp\ccKb1jx8.s:743    .text.HAL_DBGMCU_DisableDBGSleepMode:000000000000000c $d
C:\Users\VD1800~1\AppData\Local\Temp\ccKb1jx8.s:748    .text.HAL_DBGMCU_EnableDBGStopMode:0000000000000000 $t
C:\Users\VD1800~1\AppData\Local\Temp\ccKb1jx8.s:755    .text.HAL_DBGMCU_EnableDBGStopMode:0000000000000000 HAL_DBGMCU_EnableDBGStopMode
C:\Users\VD1800~1\AppData\Local\Temp\ccKb1jx8.s:772    .text.HAL_DBGMCU_EnableDBGStopMode:000000000000000c $d
C:\Users\VD1800~1\AppData\Local\Temp\ccKb1jx8.s:777    .text.HAL_DBGMCU_DisableDBGStopMode:0000000000000000 $t
C:\Users\VD1800~1\AppData\Local\Temp\ccKb1jx8.s:784    .text.HAL_DBGMCU_DisableDBGStopMode:0000000000000000 HAL_DBGMCU_DisableDBGStopMode
C:\Users\VD1800~1\AppData\Local\Temp\ccKb1jx8.s:801    .text.HAL_DBGMCU_DisableDBGStopMode:000000000000000c $d
C:\Users\VD1800~1\AppData\Local\Temp\ccKb1jx8.s:806    .text.HAL_DBGMCU_EnableDBGStandbyMode:0000000000000000 $t
C:\Users\VD1800~1\AppData\Local\Temp\ccKb1jx8.s:813    .text.HAL_DBGMCU_EnableDBGStandbyMode:0000000000000000 HAL_DBGMCU_EnableDBGStandbyMode
C:\Users\VD1800~1\AppData\Local\Temp\ccKb1jx8.s:830    .text.HAL_DBGMCU_EnableDBGStandbyMode:000000000000000c $d
C:\Users\VD1800~1\AppData\Local\Temp\ccKb1jx8.s:835    .text.HAL_DBGMCU_DisableDBGStandbyMode:0000000000000000 $t
C:\Users\VD1800~1\AppData\Local\Temp\ccKb1jx8.s:842    .text.HAL_DBGMCU_DisableDBGStandbyMode:0000000000000000 HAL_DBGMCU_DisableDBGStandbyMode
C:\Users\VD1800~1\AppData\Local\Temp\ccKb1jx8.s:859    .text.HAL_DBGMCU_DisableDBGStandbyMode:000000000000000c $d
C:\Users\VD1800~1\AppData\Local\Temp\ccKb1jx8.s:877    .data.uwTickFreq:0000000000000000 uwTickFreq
C:\Users\VD1800~1\AppData\Local\Temp\ccKb1jx8.s:884    .data.uwTickPrio:0000000000000000 uwTickPrio
C:\Users\VD1800~1\AppData\Local\Temp\ccKb1jx8.s:871    .bss.uwTick:0000000000000000 uwTick
C:\Users\VD1800~1\AppData\Local\Temp\ccKb1jx8.s:867    .bss.uwTick:0000000000000000 $d
C:\Users\VD1800~1\AppData\Local\Temp\ccKb1jx8.s:880    .data.uwTickPrio:0000000000000000 $d

UNDEFINED SYMBOLS
HAL_SYSTICK_Config
HAL_NVIC_SetPriority
SystemCoreClock
HAL_NVIC_SetPriorityGrouping
